<?xml version="1.0" encoding="UTF-8"?>
<testsuite xmlns:xsi="http://www.w3.org/2001/XMLSchema-instance" xsi:noNamespaceSchemaLocation="https://maven.apache.org/surefire/maven-surefire-plugin/xsd/surefire-test-report.xsd" name="fractalfintech.orderbook.OrderbookApplicationTests" time="2.025" tests="2" errors="2" skipped="0" failures="0">
  <properties>
[...]
</properties>
  <testcase name="addNewBidShouldCorrectlyAddNewBid2" classname="fractalfintech.orderbook.OrderbookApplicationTests" time="0">
    <error message="Failed to load ApplicationContext" type="java.lang.IllegalStateException">java.lang.IllegalStateException: Failed to load ApplicationContext
Caused by: java.lang.IllegalStateException: Cannot load configuration class: fractalfintech.orderbook.OrderbookApplication
Caused by: java.lang.ExceptionInInitializerError
Caused by: org.springframework.cglib.core.CodeGenerationException: java.lang.reflect.InaccessibleObjectException-->Unable to make protected final java.lang.Class java.lang.ClassLoader.defineClass(java.lang.String,byte[],int,int,java.security.ProtectionDomain) throws java.lang.ClassFormatError accessible: module java.base does not "opens java.lang" to unnamed module @11614aef
Caused by: java.lang.reflect.InaccessibleObjectException: Unable to make protected final java.lang.Class java.lang.ClassLoader.defineClass(java.lang.String,byte[],int,int,java.security.ProtectionDomain) throws java.lang.ClassFormatError accessible: module java.base does not "opens java.lang" to unnamed module @11614aef
</error>
    <system-out><![CDATA[10:23:41.651 [main] DEBUG org.springframework.test.context.junit4.SpringJUnit4ClassRunner - SpringJUnit4ClassRunner constructor called with [class fractalfintech.orderbook.OrderbookApplicationTests]
10:23:41.657 [main] DEBUG org.springframework.test.context.BootstrapUtils - Instantiating CacheAwareContextLoaderDelegate from class [org.springframework.test.context.cache.DefaultCacheAwareContextLoaderDelegate]
10:23:41.663 [main] DEBUG org.springframework.test.context.BootstrapUtils - Instantiating BootstrapContext using constructor [public org.springframework.test.context.support.DefaultBootstrapContext(java.lang.Class,org.springframework.test.context.CacheAwareContextLoaderDelegate)]
10:23:41.676 [main] DEBUG org.springframework.test.context.BootstrapUtils - Instantiating TestContextBootstrapper for test class [fractalfintech.orderbook.OrderbookApplicationTests] from class [org.springframework.boot.test.context.SpringBootTestContextBootstrapper]
10:23:41.687 [main] INFO org.springframework.boot.test.context.SpringBootTestContextBootstrapper - Neither @ContextConfiguration nor @ContextHierarchy found for test class [fractalfintech.orderbook.OrderbookApplicationTests], using SpringBootContextLoader
10:23:41.689 [main] DEBUG org.springframework.test.context.support.AbstractContextLoader - Did not detect default resource location for test class [fractalfintech.orderbook.OrderbookApplicationTests]: class path resource [fractalfintech/orderbook/OrderbookApplicationTests-context.xml] does not exist
10:23:41.690 [main] DEBUG org.springframework.test.context.support.AbstractContextLoader - Did not detect default resource location for test class [fractalfintech.orderbook.OrderbookApplicationTests]: class path resource [fractalfintech/orderbook/OrderbookApplicationTestsContext.groovy] does not exist
10:23:41.690 [main] INFO org.springframework.test.context.support.AbstractContextLoader - Could not detect default resource locations for test class [fractalfintech.orderbook.OrderbookApplicationTests]: no resource found for suffixes {-context.xml, Context.groovy}.
10:23:41.692 [main] INFO org.springframework.test.context.support.AnnotationConfigContextLoaderUtils - Could not detect default configuration classes for test class [fractalfintech.orderbook.OrderbookApplicationTests]: OrderbookApplicationTests does not declare any static, non-private, non-final, nested classes annotated with @Configuration.
10:23:41.714 [main] DEBUG org.springframework.test.context.support.ActiveProfilesUtils - Could not find an 'annotation declaring class' for annotation type [org.springframework.test.context.ActiveProfiles] and class [fractalfintech.orderbook.OrderbookApplicationTests]
10:23:41.719 [main] DEBUG org.springframework.core.env.StandardEnvironment - Adding PropertySource 'systemProperties' with lowest search precedence
10:23:41.719 [main] DEBUG org.springframework.core.env.StandardEnvironment - Adding PropertySource 'systemEnvironment' with lowest search precedence
10:23:41.720 [main] DEBUG org.springframework.core.env.StandardEnvironment - Initialized StandardEnvironment with PropertySources [MapPropertySource@1961173763 {name='systemProperties', properties={java.specification.version=17, sun.jnu.encoding=UTF-8, java.class.path=/home/wh/project/OrderBook/target/test-classes:/home/wh/project/OrderBook/target/classes:/home/wh/.m2/repository/org/springframework/boot/spring-boot-starter-actuator/2.0.1.RELEASE/spring-boot-starter-actuator-2.0.1.RELEASE.jar:/home/wh/.m2/repository/org/springframework/boot/spring-boot-starter/2.0.1.RELEASE/spring-boot-starter-2.0.1.RELEASE.jar:/home/wh/.m2/repository/org/springframework/boot/spring-boot-starter-logging/2.0.1.RELEASE/spring-boot-starter-logging-2.0.1.RELEASE.jar:/home/wh/.m2/repository/ch/qos/logback/logback-classic/1.2.3/logback-classic-1.2.3.jar:/home/wh/.m2/repository/ch/qos/logback/logback-core/1.2.3/logback-core-1.2.3.jar:/home/wh/.m2/repository/org/apache/logging/log4j/log4j-to-slf4j/2.10.0/log4j-to-slf4j-2.10.0.jar:/home/wh/.m2/repository/org/apache/logging/log4j/log4j-api/2.10.0/log4j-api-2.10.0.jar:/home/wh/.m2/repository/org/slf4j/jul-to-slf4j/1.7.25/jul-to-slf4j-1.7.25.jar:/home/wh/.m2/repository/javax/annotation/javax.annotation-api/1.3.2/javax.annotation-api-1.3.2.jar:/home/wh/.m2/repository/org/yaml/snakeyaml/1.19/snakeyaml-1.19.jar:/home/wh/.m2/repository/org/springframework/boot/spring-boot-actuator-autoconfigure/2.0.1.RELEASE/spring-boot-actuator-autoconfigure-2.0.1.RELEASE.jar:/home/wh/.m2/repository/org/springframework/boot/spring-boot-actuator/2.0.1.RELEASE/spring-boot-actuator-2.0.1.RELEASE.jar:/home/wh/.m2/repository/com/fasterxml/jackson/core/jackson-databind/2.9.5/jackson-databind-2.9.5.jar:/home/wh/.m2/repository/com/fasterxml/jackson/core/jackson-core/2.9.5/jackson-core-2.9.5.jar:/home/wh/.m2/repository/org/springframework/spring-context/5.0.5.RELEASE/spring-context-5.0.5.RELEASE.jar:/home/wh/.m2/repository/com/fasterxml/jackson/datatype/jackson-datatype-jsr310/2.9.5/jackson-datatype-jsr310-2.9.5.jar:/home/wh/.m2/repository/io/micrometer/micrometer-core/1.0.3/micrometer-core-1.0.3.jar:/home/wh/.m2/repository/org/hdrhistogram/HdrHistogram/2.1.10/HdrHistogram-2.1.10.jar:/home/wh/.m2/repository/org/latencyutils/LatencyUtils/2.0.3/LatencyUtils-2.0.3.jar:/home/wh/.m2/repository/org/springframework/boot/spring-boot-starter-web/2.0.1.RELEASE/spring-boot-starter-web-2.0.1.RELEASE.jar:/home/wh/.m2/repository/org/springframework/boot/spring-boot-starter-json/2.0.1.RELEASE/spring-boot-starter-json-2.0.1.RELEASE.jar:/home/wh/.m2/repository/com/fasterxml/jackson/datatype/jackson-datatype-jdk8/2.9.5/jackson-datatype-jdk8-2.9.5.jar:/home/wh/.m2/repository/com/fasterxml/jackson/module/jackson-module-parameter-names/2.9.5/jackson-module-parameter-names-2.9.5.jar:/home/wh/.m2/repository/org/springframework/boot/spring-boot-starter-tomcat/2.0.1.RELEASE/spring-boot-starter-tomcat-2.0.1.RELEASE.jar:/home/wh/.m2/repository/org/apache/tomcat/embed/tomcat-embed-core/8.5.29/tomcat-embed-core-8.5.29.jar:/home/wh/.m2/repository/org/apache/tomcat/embed/tomcat-embed-el/8.5.29/tomcat-embed-el-8.5.29.jar:/home/wh/.m2/repository/org/apache/tomcat/embed/tomcat-embed-websocket/8.5.29/tomcat-embed-websocket-8.5.29.jar:/home/wh/.m2/repository/org/hibernate/validator/hibernate-validator/6.0.9.Final/hibernate-validator-6.0.9.Final.jar:/home/wh/.m2/repository/javax/validation/validation-api/2.0.1.Final/validation-api-2.0.1.Final.jar:/home/wh/.m2/repository/org/jboss/logging/jboss-logging/3.3.2.Final/jboss-logging-3.3.2.Final.jar:/home/wh/.m2/repository/org/springframework/spring-web/5.0.5.RELEASE/spring-web-5.0.5.RELEASE.jar:/home/wh/.m2/repository/org/springframework/spring-beans/5.0.5.RELEASE/spring-beans-5.0.5.RELEASE.jar:/home/wh/.m2/repository/org/springframework/spring-webmvc/5.0.5.RELEASE/spring-webmvc-5.0.5.RELEASE.jar:/home/wh/.m2/repository/org/springframework/spring-aop/5.0.5.RELEASE/spring-aop-5.0.5.RELEASE.jar:/home/wh/.m2/repository/org/springframework/spring-expression/5.0.5.RELEASE/spring-expression-5.0.5.RELEASE.jar:/home/wh/.m2/repository/org/springframework/boot/spring-boot-starter-data-jpa/2.0.1.RELEASE/spring-boot-starter-data-jpa-2.0.1.RELEASE.jar:/home/wh/.m2/repository/org/springframework/boot/spring-boot-starter-aop/2.0.1.RELEASE/spring-boot-starter-aop-2.0.1.RELEASE.jar:/home/wh/.m2/repository/org/aspectj/aspectjweaver/1.8.13/aspectjweaver-1.8.13.jar:/home/wh/.m2/repository/org/springframework/boot/spring-boot-starter-jdbc/2.0.1.RELEASE/spring-boot-starter-jdbc-2.0.1.RELEASE.jar:/home/wh/.m2/repository/com/zaxxer/HikariCP/2.7.8/HikariCP-2.7.8.jar:/home/wh/.m2/repository/org/springframework/spring-jdbc/5.0.5.RELEASE/spring-jdbc-5.0.5.RELEASE.jar:/home/wh/.m2/repository/org/hibernate/hibernate-core/5.2.16.Final/hibernate-core-5.2.16.Final.jar:/home/wh/.m2/repository/org/hibernate/javax/persistence/hibernate-jpa-2.1-api/1.0.0.Final/hibernate-jpa-2.1-api-1.0.0.Final.jar:/home/wh/.m2/repository/org/javassist/javassist/3.22.0-GA/javassist-3.22.0-GA.jar:/home/wh/.m2/repository/antlr/antlr/2.7.7/antlr-2.7.7.jar:/home/wh/.m2/repository/org/jboss/jandex/2.0.3.Final/jandex-2.0.3.Final.jar:/home/wh/.m2/repository/dom4j/dom4j/1.6.1/dom4j-1.6.1.jar:/home/wh/.m2/repository/org/hibernate/common/hibernate-commons-annotations/5.0.1.Final/hibernate-commons-annotations-5.0.1.Final.jar:/home/wh/.m2/repository/javax/transaction/javax.transaction-api/1.2/javax.transaction-api-1.2.jar:/home/wh/.m2/repository/org/springframework/data/spring-data-jpa/2.0.6.RELEASE/spring-data-jpa-2.0.6.RELEASE.jar:/home/wh/.m2/repository/org/springframework/data/spring-data-commons/2.0.6.RELEASE/spring-data-commons-2.0.6.RELEASE.jar:/home/wh/.m2/repository/org/springframework/spring-orm/5.0.5.RELEASE/spring-orm-5.0.5.RELEASE.jar:/home/wh/.m2/repository/org/springframework/spring-tx/5.0.5.RELEASE/spring-tx-5.0.5.RELEASE.jar:/home/wh/.m2/repository/org/springframework/spring-aspects/5.0.5.RELEASE/spring-aspects-5.0.5.RELEASE.jar:/home/wh/.m2/repository/org/springframework/boot/spring-boot-starter-test/2.0.1.RELEASE/spring-boot-starter-test-2.0.1.RELEASE.jar:/home/wh/.m2/repository/org/springframework/boot/spring-boot-test/2.0.1.RELEASE/spring-boot-test-2.0.1.RELEASE.jar:/home/wh/.m2/repository/org/springframework/boot/spring-boot-test-autoconfigure/2.0.1.RELEASE/spring-boot-test-autoconfigure-2.0.1.RELEASE.jar:/home/wh/.m2/repository/com/jayway/jsonpath/json-path/2.4.0/json-path-2.4.0.jar:/home/wh/.m2/repository/net/minidev/json-smart/2.3/json-smart-2.3.jar:/home/wh/.m2/repository/net/minidev/accessors-smart/1.2/accessors-smart-1.2.jar:/home/wh/.m2/repository/org/ow2/asm/asm/5.0.4/asm-5.0.4.jar:/home/wh/.m2/repository/junit/junit/4.12/junit-4.12.jar:/home/wh/.m2/repository/org/assertj/assertj-core/3.9.1/assertj-core-3.9.1.jar:/home/wh/.m2/repository/org/mockito/mockito-core/2.15.0/mockito-core-2.15.0.jar:/home/wh/.m2/repository/net/bytebuddy/byte-buddy/1.7.11/byte-buddy-1.7.11.jar:/home/wh/.m2/repository/net/bytebuddy/byte-buddy-agent/1.7.11/byte-buddy-agent-1.7.11.jar:/home/wh/.m2/repository/org/objenesis/objenesis/2.6/objenesis-2.6.jar:/home/wh/.m2/repository/org/hamcrest/hamcrest-core/1.3/hamcrest-core-1.3.jar:/home/wh/.m2/repository/org/hamcrest/hamcrest-library/1.3/hamcrest-library-1.3.jar:/home/wh/.m2/repository/org/skyscreamer/jsonassert/1.5.0/jsonassert-1.5.0.jar:/home/wh/.m2/repository/com/vaadin/external/google/android-json/0.0.20131108.vaadin1/android-json-0.0.20131108.vaadin1.jar:/home/wh/.m2/repository/org/springframework/spring-core/5.0.5.RELEASE/spring-core-5.0.5.RELEASE.jar:/home/wh/.m2/repository/org/springframework/spring-jcl/5.0.5.RELEASE/spring-jcl-5.0.5.RELEASE.jar:/home/wh/.m2/repository/org/springframework/spring-test/5.0.5.RELEASE/spring-test-5.0.5.RELEASE.jar:/home/wh/.m2/repository/org/xmlunit/xmlunit-core/2.5.1/xmlunit-core-2.5.1.jar:/home/wh/.m2/repository/io/springfox/springfox-swagger2/2.4.0/springfox-swagger2-2.4.0.jar:/home/wh/.m2/repository/io/swagger/swagger-annotations/1.5.6/swagger-annotations-1.5.6.jar:/home/wh/.m2/repository/io/swagger/swagger-models/1.5.6/swagger-models-1.5.6.jar:/home/wh/.m2/repository/com/fasterxml/jackson/core/jackson-annotations/2.9.0/jackson-annotations-2.9.0.jar:/home/wh/.m2/repository/io/springfox/springfox-spi/2.4.0/springfox-spi-2.4.0.jar:/home/wh/.m2/repository/io/springfox/springfox-core/2.4.0/springfox-core-2.4.0.jar:/home/wh/.m2/repository/io/springfox/springfox-schema/2.4.0/springfox-schema-2.4.0.jar:/home/wh/.m2/repository/io/springfox/springfox-swagger-common/2.4.0/springfox-swagger-common-2.4.0.jar:/home/wh/.m2/repository/io/springfox/springfox-spring-web/2.4.0/springfox-spring-web-2.4.0.jar:/home/wh/.m2/repository/com/google/guava/guava/18.0/guava-18.0.jar:/home/wh/.m2/repository/com/fasterxml/classmate/1.3.4/classmate-1.3.4.jar:/home/wh/.m2/repository/org/slf4j/slf4j-api/1.7.25/slf4j-api-1.7.25.jar:/home/wh/.m2/repository/org/springframework/plugin/spring-plugin-core/1.2.0.RELEASE/spring-plugin-core-1.2.0.RELEASE.jar:/home/wh/.m2/repository/org/springframework/plugin/spring-plugin-metadata/1.2.0.RELEASE/spring-plugin-metadata-1.2.0.RELEASE.jar:/home/wh/.m2/repository/io/springfox/springfox-swagger-ui/2.4.0/springfox-swagger-ui-2.4.0.jar:/home/wh/.m2/repository/org/springframework/boot/spring-boot-devtools/2.0.1.RELEASE/spring-boot-devtools-2.0.1.RELEASE.jar:/home/wh/.m2/repository/org/springframework/boot/spring-boot/2.0.1.RELEASE/spring-boot-2.0.1.RELEASE.jar:/home/wh/.m2/repository/org/springframework/boot/spring-boot-autoconfigure/2.0.1.RELEASE/spring-boot-autoconfigure-2.0.1.RELEASE.jar:/home/wh/.m2/repository/com/h2database/h2/1.4.197/h2-1.4.197.jar:/home/wh/.m2/repository/org/codehaus/jackson/jackson-mapper-asl/1.9.13/jackson-mapper-asl-1.9.13.jar:/home/wh/.m2/repository/org/codehaus/jackson/jackson-core-asl/1.9.13/jackson-core-asl-1.9.13.jar:, java.vm.vendor=Private Build, sun.arch.data.model=64, java.vendor.url=Unknown, user.timezone=Asia/Seoul, java.vm.specification.version=17, os.name=Linux, sun.java.launcher=SUN_STANDARD, user.country=US, sun.boot.library.path=/usr/lib/jvm/java-17-openjdk-amd64/lib, sun.java.command=/home/wh/project/OrderBook/target/surefire/surefirebooter17709361583291081932.jar /home/wh/project/OrderBook/target/surefire 2023-03-14T10-23-34_778-jvmRun1 surefire7788762135669278447tmp surefire_08144921119571153090tmp, jdk.debug=release, surefire.test.class.path=/home/wh/project/OrderBook/target/test-classes:/home/wh/project/OrderBook/target/classes:/home/wh/.m2/repository/org/springframework/boot/spring-boot-starter-actuator/2.0.1.RELEASE/spring-boot-starter-actuator-2.0.1.RELEASE.jar:/home/wh/.m2/repository/org/springframework/boot/spring-boot-starter/2.0.1.RELEASE/spring-boot-starter-2.0.1.RELEASE.jar:/home/wh/.m2/repository/org/springframework/boot/spring-boot-starter-logging/2.0.1.RELEASE/spring-boot-starter-logging-2.0.1.RELEASE.jar:/home/wh/.m2/repository/ch/qos/logback/logback-classic/1.2.3/logback-classic-1.2.3.jar:/home/wh/.m2/repository/ch/qos/logback/logback-core/1.2.3/logback-core-1.2.3.jar:/home/wh/.m2/repository/org/apache/logging/log4j/log4j-to-slf4j/2.10.0/log4j-to-slf4j-2.10.0.jar:/home/wh/.m2/repository/org/apache/logging/log4j/log4j-api/2.10.0/log4j-api-2.10.0.jar:/home/wh/.m2/repository/org/slf4j/jul-to-slf4j/1.7.25/jul-to-slf4j-1.7.25.jar:/home/wh/.m2/repository/javax/annotation/javax.annotation-api/1.3.2/javax.annotation-api-1.3.2.jar:/home/wh/.m2/repository/org/yaml/snakeyaml/1.19/snakeyaml-1.19.jar:/home/wh/.m2/repository/org/springframework/boot/spring-boot-actuator-autoconfigure/2.0.1.RELEASE/spring-boot-actuator-autoconfigure-2.0.1.RELEASE.jar:/home/wh/.m2/repository/org/springframework/boot/spring-boot-actuator/2.0.1.RELEASE/spring-boot-actuator-2.0.1.RELEASE.jar:/home/wh/.m2/repository/com/fasterxml/jackson/core/jackson-databind/2.9.5/jackson-databind-2.9.5.jar:/home/wh/.m2/repository/com/fasterxml/jackson/core/jackson-core/2.9.5/jackson-core-2.9.5.jar:/home/wh/.m2/repository/org/springframework/spring-context/5.0.5.RELEASE/spring-context-5.0.5.RELEASE.jar:/home/wh/.m2/repository/com/fasterxml/jackson/datatype/jackson-datatype-jsr310/2.9.5/jackson-datatype-jsr310-2.9.5.jar:/home/wh/.m2/repository/io/micrometer/micrometer-core/1.0.3/micrometer-core-1.0.3.jar:/home/wh/.m2/repository/org/hdrhistogram/HdrHistogram/2.1.10/HdrHistogram-2.1.10.jar:/home/wh/.m2/repository/org/latencyutils/LatencyUtils/2.0.3/LatencyUtils-2.0.3.jar:/home/wh/.m2/repository/org/springframework/boot/spring-boot-starter-web/2.0.1.RELEASE/spring-boot-starter-web-2.0.1.RELEASE.jar:/home/wh/.m2/repository/org/springframework/boot/spring-boot-starter-json/2.0.1.RELEASE/spring-boot-starter-json-2.0.1.RELEASE.jar:/home/wh/.m2/repository/com/fasterxml/jackson/datatype/jackson-datatype-jdk8/2.9.5/jackson-datatype-jdk8-2.9.5.jar:/home/wh/.m2/repository/com/fasterxml/jackson/module/jackson-module-parameter-names/2.9.5/jackson-module-parameter-names-2.9.5.jar:/home/wh/.m2/repository/org/springframework/boot/spring-boot-starter-tomcat/2.0.1.RELEASE/spring-boot-starter-tomcat-2.0.1.RELEASE.jar:/home/wh/.m2/repository/org/apache/tomcat/embed/tomcat-embed-core/8.5.29/tomcat-embed-core-8.5.29.jar:/home/wh/.m2/repository/org/apache/tomcat/embed/tomcat-embed-el/8.5.29/tomcat-embed-el-8.5.29.jar:/home/wh/.m2/repository/org/apache/tomcat/embed/tomcat-embed-websocket/8.5.29/tomcat-embed-websocket-8.5.29.jar:/home/wh/.m2/repository/org/hibernate/validator/hibernate-validator/6.0.9.Final/hibernate-validator-6.0.9.Final.jar:/home/wh/.m2/repository/javax/validation/validation-api/2.0.1.Final/validation-api-2.0.1.Final.jar:/home/wh/.m2/repository/org/jboss/logging/jboss-logging/3.3.2.Final/jboss-logging-3.3.2.Final.jar:/home/wh/.m2/repository/org/springframework/spring-web/5.0.5.RELEASE/spring-web-5.0.5.RELEASE.jar:/home/wh/.m2/repository/org/springframework/spring-beans/5.0.5.RELEASE/spring-beans-5.0.5.RELEASE.jar:/home/wh/.m2/repository/org/springframework/spring-webmvc/5.0.5.RELEASE/spring-webmvc-5.0.5.RELEASE.jar:/home/wh/.m2/repository/org/springframework/spring-aop/5.0.5.RELEASE/spring-aop-5.0.5.RELEASE.jar:/home/wh/.m2/repository/org/springframework/spring-expression/5.0.5.RELEASE/spring-expression-5.0.5.RELEASE.jar:/home/wh/.m2/repository/org/springframework/boot/spring-boot-starter-data-jpa/2.0.1.RELEASE/spring-boot-starter-data-jpa-2.0.1.RELEASE.jar:/home/wh/.m2/repository/org/springframework/boot/spring-boot-starter-aop/2.0.1.RELEASE/spring-boot-starter-aop-2.0.1.RELEASE.jar:/home/wh/.m2/repository/org/aspectj/aspectjweaver/1.8.13/aspectjweaver-1.8.13.jar:/home/wh/.m2/repository/org/springframework/boot/spring-boot-starter-jdbc/2.0.1.RELEASE/spring-boot-starter-jdbc-2.0.1.RELEASE.jar:/home/wh/.m2/repository/com/zaxxer/HikariCP/2.7.8/HikariCP-2.7.8.jar:/home/wh/.m2/repository/org/springframework/spring-jdbc/5.0.5.RELEASE/spring-jdbc-5.0.5.RELEASE.jar:/home/wh/.m2/repository/org/hibernate/hibernate-core/5.2.16.Final/hibernate-core-5.2.16.Final.jar:/home/wh/.m2/repository/org/hibernate/javax/persistence/hibernate-jpa-2.1-api/1.0.0.Final/hibernate-jpa-2.1-api-1.0.0.Final.jar:/home/wh/.m2/repository/org/javassist/javassist/3.22.0-GA/javassist-3.22.0-GA.jar:/home/wh/.m2/repository/antlr/antlr/2.7.7/antlr-2.7.7.jar:/home/wh/.m2/repository/org/jboss/jandex/2.0.3.Final/jandex-2.0.3.Final.jar:/home/wh/.m2/repository/dom4j/dom4j/1.6.1/dom4j-1.6.1.jar:/home/wh/.m2/repository/org/hibernate/common/hibernate-commons-annotations/5.0.1.Final/hibernate-commons-annotations-5.0.1.Final.jar:/home/wh/.m2/repository/javax/transaction/javax.transaction-api/1.2/javax.transaction-api-1.2.jar:/home/wh/.m2/repository/org/springframework/data/spring-data-jpa/2.0.6.RELEASE/spring-data-jpa-2.0.6.RELEASE.jar:/home/wh/.m2/repository/org/springframework/data/spring-data-commons/2.0.6.RELEASE/spring-data-commons-2.0.6.RELEASE.jar:/home/wh/.m2/repository/org/springframework/spring-orm/5.0.5.RELEASE/spring-orm-5.0.5.RELEASE.jar:/home/wh/.m2/repository/org/springframework/spring-tx/5.0.5.RELEASE/spring-tx-5.0.5.RELEASE.jar:/home/wh/.m2/repository/org/springframework/spring-aspects/5.0.5.RELEASE/spring-aspects-5.0.5.RELEASE.jar:/home/wh/.m2/repository/org/springframework/boot/spring-boot-starter-test/2.0.1.RELEASE/spring-boot-starter-test-2.0.1.RELEASE.jar:/home/wh/.m2/repository/org/springframework/boot/spring-boot-test/2.0.1.RELEASE/spring-boot-test-2.0.1.RELEASE.jar:/home/wh/.m2/repository/org/springframework/boot/spring-boot-test-autoconfigure/2.0.1.RELEASE/spring-boot-test-autoconfigure-2.0.1.RELEASE.jar:/home/wh/.m2/repository/com/jayway/jsonpath/json-path/2.4.0/json-path-2.4.0.jar:/home/wh/.m2/repository/net/minidev/json-smart/2.3/json-smart-2.3.jar:/home/wh/.m2/repository/net/minidev/accessors-smart/1.2/accessors-smart-1.2.jar:/home/wh/.m2/repository/org/ow2/asm/asm/5.0.4/asm-5.0.4.jar:/home/wh/.m2/repository/junit/junit/4.12/junit-4.12.jar:/home/wh/.m2/repository/org/assertj/assertj-core/3.9.1/assertj-core-3.9.1.jar:/home/wh/.m2/repository/org/mockito/mockito-core/2.15.0/mockito-core-2.15.0.jar:/home/wh/.m2/repository/net/bytebuddy/byte-buddy/1.7.11/byte-buddy-1.7.11.jar:/home/wh/.m2/repository/net/bytebuddy/byte-buddy-agent/1.7.11/byte-buddy-agent-1.7.11.jar:/home/wh/.m2/repository/org/objenesis/objenesis/2.6/objenesis-2.6.jar:/home/wh/.m2/repository/org/hamcrest/hamcrest-core/1.3/hamcrest-core-1.3.jar:/home/wh/.m2/repository/org/hamcrest/hamcrest-library/1.3/hamcrest-library-1.3.jar:/home/wh/.m2/repository/org/skyscreamer/jsonassert/1.5.0/jsonassert-1.5.0.jar:/home/wh/.m2/repository/com/vaadin/external/google/android-json/0.0.20131108.vaadin1/android-json-0.0.20131108.vaadin1.jar:/home/wh/.m2/repository/org/springframework/spring-core/5.0.5.RELEASE/spring-core-5.0.5.RELEASE.jar:/home/wh/.m2/repository/org/springframework/spring-jcl/5.0.5.RELEASE/spring-jcl-5.0.5.RELEASE.jar:/home/wh/.m2/repository/org/springframework/spring-test/5.0.5.RELEASE/spring-test-5.0.5.RELEASE.jar:/home/wh/.m2/repository/org/xmlunit/xmlunit-core/2.5.1/xmlunit-core-2.5.1.jar:/home/wh/.m2/repository/io/springfox/springfox-swagger2/2.4.0/springfox-swagger2-2.4.0.jar:/home/wh/.m2/repository/io/swagger/swagger-annotations/1.5.6/swagger-annotations-1.5.6.jar:/home/wh/.m2/repository/io/swagger/swagger-models/1.5.6/swagger-models-1.5.6.jar:/home/wh/.m2/repository/com/fasterxml/jackson/core/jackson-annotations/2.9.0/jackson-annotations-2.9.0.jar:/home/wh/.m2/repository/io/springfox/springfox-spi/2.4.0/springfox-spi-2.4.0.jar:/home/wh/.m2/repository/io/springfox/springfox-core/2.4.0/springfox-core-2.4.0.jar:/home/wh/.m2/repository/io/springfox/springfox-schema/2.4.0/springfox-schema-2.4.0.jar:/home/wh/.m2/repository/io/springfox/springfox-swagger-common/2.4.0/springfox-swagger-common-2.4.0.jar:/home/wh/.m2/repository/io/springfox/springfox-spring-web/2.4.0/springfox-spring-web-2.4.0.jar:/home/wh/.m2/repository/com/google/guava/guava/18.0/guava-18.0.jar:/home/wh/.m2/repository/com/fasterxml/classmate/1.3.4/classmate-1.3.4.jar:/home/wh/.m2/repository/org/slf4j/slf4j-api/1.7.25/slf4j-api-1.7.25.jar:/home/wh/.m2/repository/org/springframework/plugin/spring-plugin-core/1.2.0.RELEASE/spring-plugin-core-1.2.0.RELEASE.jar:/home/wh/.m2/repository/org/springframework/plugin/spring-plugin-metadata/1.2.0.RELEASE/spring-plugin-metadata-1.2.0.RELEASE.jar:/home/wh/.m2/repository/io/springfox/springfox-swagger-ui/2.4.0/springfox-swagger-ui-2.4.0.jar:/home/wh/.m2/repository/org/springframework/boot/spring-boot-devtools/2.0.1.RELEASE/spring-boot-devtools-2.0.1.RELEASE.jar:/home/wh/.m2/repository/org/springframework/boot/spring-boot/2.0.1.RELEASE/spring-boot-2.0.1.RELEASE.jar:/home/wh/.m2/repository/org/springframework/boot/spring-boot-autoconfigure/2.0.1.RELEASE/spring-boot-autoconfigure-2.0.1.RELEASE.jar:/home/wh/.m2/repository/com/h2database/h2/1.4.197/h2-1.4.197.jar:/home/wh/.m2/repository/org/codehaus/jackson/jackson-mapper-asl/1.9.13/jackson-mapper-asl-1.9.13.jar:/home/wh/.m2/repository/org/codehaus/jackson/jackson-core-asl/1.9.13/jackson-core-asl-1.9.13.jar:, sun.cpu.endian=little, user.home=/home/wh, user.language=en, java.specification.vendor=Oracle Corporation, java.version.date=2023-01-17, java.home=/usr/lib/jvm/java-17-openjdk-amd64, file.separator=/, basedir=/home/wh/project/OrderBook, java.vm.compressedOopsMode=Zero based, line.separator=
, java.specification.name=Java Platform API Specification, java.vm.specification.vendor=Oracle Corporation, surefire.real.class.path=/home/wh/project/OrderBook/target/surefire/surefirebooter17709361583291081932.jar, sun.management.compiler=HotSpot 64-Bit Tiered Compilers, java.runtime.version=17.0.6+10-Ubuntu-0ubuntu122.04, user.name=wh, path.separator=:, os.version=5.19.0-35-generic, java.runtime.name=OpenJDK Runtime Environment, file.encoding=UTF-8, java.vm.name=OpenJDK 64-Bit Server VM, localRepository=/home/wh/.m2/repository, java.vendor.url.bug=Unknown, java.io.tmpdir=/tmp, java.version=17.0.6, user.dir=/home/wh/project/OrderBook, os.arch=amd64, java.vm.specification.name=Java Virtual Machine Specification, native.encoding=UTF-8, java.library.path=/usr/java/packages/lib:/usr/lib/x86_64-linux-gnu/jni:/lib/x86_64-linux-gnu:/usr/lib/x86_64-linux-gnu:/usr/lib/jni:/lib:/usr/lib, java.vm.info=mixed mode, sharing, java.vendor=Private Build, java.vm.version=17.0.6+10-Ubuntu-0ubuntu122.04, sun.io.unicode.encoding=UnicodeLittle, java.class.version=61.0}}, SystemEnvironmentPropertySource@1202683709 {name='systemEnvironment', properties={PATH=/usr/local/sbin:/usr/local/bin:/usr/sbin:/usr/bin:/sbin:/bin:/usr/games:/usr/local/games:/snap/bin:/snap/bin, LC_MEASUREMENT=ko_KR.UTF-8, XAUTHORITY=/run/user/1000/.mutter-Xwaylandauth.N9DA11, XMODIFIERS=@im=ibus, LC_TELEPHONE=ko_KR.UTF-8, XDG_DATA_DIRS=/usr/share/ubuntu:/usr/local/share/:/usr/share/:/var/lib/snapd/desktop, GDMSESSION=ubuntu, LC_TIME=ko_KR.UTF-8, DBUS_SESSION_BUS_ADDRESS=unix:path=/run/user/1000/bus, XDG_CURRENT_DESKTOP=ubuntu:GNOME, COLORTERM=truecolor, LC_PAPER=ko_KR.UTF-8, SESSION_MANAGER=local/wh-virtual-machine:@/tmp/.ICE-unix/1400,unix/wh-virtual-machine:/tmp/.ICE-unix/1400, USERNAME=wh, LOGNAME=wh, PWD=/home/wh/project/OrderBook, IM_CONFIG_PHASE=1, LANGUAGE=en_US:, SHELL=/bin/bash, LESSOPEN=| /usr/bin/lesspipe %s, LC_ADDRESS=ko_KR.UTF-8, OLDPWD=/home/wh/project/OrderBook, GNOME_DESKTOP_SESSION_ID=this-is-deprecated, GNOME_TERMINAL_SCREEN=/org/gnome/Terminal/screen/6722c75d_8958_47f2_8844_5f303f83894e, GTK_MODULES=gail:atk-bridge, SYSTEMD_EXEC_PID=1488, XDG_SESSION_DESKTOP=ubuntu, LS_COLORS=rs=0:di=01;34:ln=01;36:mh=00:pi=40;33:so=01;35:do=01;35:bd=40;33;01:cd=40;33;01:or=40;31;01:mi=00:su=37;41:sg=30;43:ca=30;41:tw=30;42:ow=34;42:st=37;44:ex=01;32:*.tar=01;31:*.tgz=01;31:*.arc=01;31:*.arj=01;31:*.taz=01;31:*.lha=01;31:*.lz4=01;31:*.lzh=01;31:*.lzma=01;31:*.tlz=01;31:*.txz=01;31:*.tzo=01;31:*.t7z=01;31:*.zip=01;31:*.z=01;31:*.dz=01;31:*.gz=01;31:*.lrz=01;31:*.lz=01;31:*.lzo=01;31:*.xz=01;31:*.zst=01;31:*.tzst=01;31:*.bz2=01;31:*.bz=01;31:*.tbz=01;31:*.tbz2=01;31:*.tz=01;31:*.deb=01;31:*.rpm=01;31:*.jar=01;31:*.war=01;31:*.ear=01;31:*.sar=01;31:*.rar=01;31:*.alz=01;31:*.ace=01;31:*.zoo=01;31:*.cpio=01;31:*.7z=01;31:*.rz=01;31:*.cab=01;31:*.wim=01;31:*.swm=01;31:*.dwm=01;31:*.esd=01;31:*.jpg=01;35:*.jpeg=01;35:*.mjpg=01;35:*.mjpeg=01;35:*.gif=01;35:*.bmp=01;35:*.pbm=01;35:*.pgm=01;35:*.ppm=01;35:*.tga=01;35:*.xbm=01;35:*.xpm=01;35:*.tif=01;35:*.tiff=01;35:*.png=01;35:*.svg=01;35:*.svgz=01;35:*.mng=01;35:*.pcx=01;35:*.mov=01;35:*.mpg=01;35:*.mpeg=01;35:*.m2v=01;35:*.mkv=01;35:*.webm=01;35:*.webp=01;35:*.ogm=01;35:*.mp4=01;35:*.m4v=01;35:*.mp4v=01;35:*.vob=01;35:*.qt=01;35:*.nuv=01;35:*.wmv=01;35:*.asf=01;35:*.rm=01;35:*.rmvb=01;35:*.flc=01;35:*.avi=01;35:*.fli=01;35:*.flv=01;35:*.gl=01;35:*.dl=01;35:*.xcf=01;35:*.xwd=01;35:*.yuv=01;35:*.cgm=01;35:*.emf=01;35:*.ogv=01;35:*.ogx=01;35:*.aac=00;36:*.au=00;36:*.flac=00;36:*.m4a=00;36:*.mid=00;36:*.midi=00;36:*.mka=00;36:*.mp3=00;36:*.mpc=00;36:*.ogg=00;36:*.ra=00;36:*.wav=00;36:*.oga=00;36:*.opus=00;36:*.spx=00;36:*.xspf=00;36:, GNOME_SETUP_DISPLAY=:1, SSH_AGENT_LAUNCHER=gnome-keyring, SHLVL=1, LC_IDENTIFICATION=ko_KR.UTF-8, LESSCLOSE=/usr/bin/lesspipe %s %s, LC_MONETARY=ko_KR.UTF-8, QT_IM_MODULE=ibus, TERM=xterm-256color, XDG_CONFIG_DIRS=/etc/xdg/xdg-ubuntu:/etc/xdg, GNOME_TERMINAL_SERVICE=:1.103, LANG=en_US.UTF-8, XDG_SESSION_TYPE=wayland, DISPLAY=:0, WAYLAND_DISPLAY=wayland-0, LC_NAME=ko_KR.UTF-8, MAVEN_CMD_LINE_ARGS= package, XDG_SESSION_CLASS=user, _=/usr/bin/mvn, MAVEN_PROJECTBASEDIR=/home/wh/project/OrderBook, DESKTOP_SESSION=ubuntu, USER=wh, XDG_MENU_PREFIX=gnome-, VTE_VERSION=6800, QT_ACCESSIBILITY=1, LC_NUMERIC=ko_KR.UTF-8, SSH_AUTH_SOCK=/run/user/1000/keyring/ssh, GNOME_SHELL_SESSION_MODE=ubuntu, XDG_RUNTIME_DIR=/run/user/1000, HOME=/home/wh}}]
10:23:41.736 [main] DEBUG org.springframework.core.io.support.PathMatchingResourcePatternResolver - Resolved classpath location [fractalfintech/orderbook/] to resources [URL [file:/home/wh/project/OrderBook/target/test-classes/fractalfintech/orderbook/], URL [file:/home/wh/project/OrderBook/target/classes/fractalfintech/orderbook/]]
10:23:41.736 [main] DEBUG org.springframework.core.io.support.PathMatchingResourcePatternResolver - Looking for matching resources in directory tree [/home/wh/project/OrderBook/target/test-classes/fractalfintech/orderbook]
10:23:41.736 [main] DEBUG org.springframework.core.io.support.PathMatchingResourcePatternResolver - Searching directory [/home/wh/project/OrderBook/target/test-classes/fractalfintech/orderbook] for files matching pattern [/home/wh/project/OrderBook/target/test-classes/fractalfintech/orderbook/*.class]
10:23:41.740 [main] DEBUG org.springframework.core.io.support.PathMatchingResourcePatternResolver - Looking for matching resources in directory tree [/home/wh/project/OrderBook/target/classes/fractalfintech/orderbook]
10:23:41.740 [main] DEBUG org.springframework.core.io.support.PathMatchingResourcePatternResolver - Searching directory [/home/wh/project/OrderBook/target/classes/fractalfintech/orderbook] for files matching pattern [/home/wh/project/OrderBook/target/classes/fractalfintech/orderbook/*.class]
10:23:41.745 [main] DEBUG org.springframework.core.io.support.PathMatchingResourcePatternResolver - Resolved location pattern [classpath*:fractalfintech/orderbook/*.class] to resources [file [/home/wh/project/OrderBook/target/test-classes/fractalfintech/orderbook/MarketControllerIT.class], file [/home/wh/project/OrderBook/target/test-classes/fractalfintech/orderbook/MarketControllerTest.class], file [/home/wh/project/OrderBook/target/test-classes/fractalfintech/orderbook/OrderbookApplicationTests.class], file [/home/wh/project/OrderBook/target/test-classes/fractalfintech/orderbook/TestMarket.class], file [/home/wh/project/OrderBook/target/test-classes/fractalfintech/orderbook/TestOrder.class], file [/home/wh/project/OrderBook/target/classes/fractalfintech/orderbook/CustomController.class], file [/home/wh/project/OrderBook/target/classes/fractalfintech/orderbook/MarketController.class], file [/home/wh/project/OrderBook/target/classes/fractalfintech/orderbook/MarketList.class], file [/home/wh/project/OrderBook/target/classes/fractalfintech/orderbook/Order.class], file [/home/wh/project/OrderBook/target/classes/fractalfintech/orderbook/OrderBook.class], file [/home/wh/project/OrderBook/target/classes/fractalfintech/orderbook/OrderItemDao.class], file [/home/wh/project/OrderBook/target/classes/fractalfintech/orderbook/OrderbookApplication.class]]
10:23:41.824 [main] DEBUG org.springframework.context.annotation.ClassPathScanningCandidateComponentProvider - Identified candidate component class: file [/home/wh/project/OrderBook/target/classes/fractalfintech/orderbook/OrderbookApplication.class]
10:23:41.825 [main] INFO org.springframework.boot.test.context.SpringBootTestContextBootstrapper - Found @SpringBootConfiguration fractalfintech.orderbook.OrderbookApplication for test class fractalfintech.orderbook.OrderbookApplicationTests
10:23:41.901 [main] DEBUG org.springframework.boot.test.context.SpringBootTestContextBootstrapper - @TestExecutionListeners is not present for class [fractalfintech.orderbook.OrderbookApplicationTests]: using defaults.
10:23:41.902 [main] INFO org.springframework.boot.test.context.SpringBootTestContextBootstrapper - Loaded default TestExecutionListener class names from location [META-INF/spring.factories]: [org.springframework.boot.test.mock.mockito.MockitoTestExecutionListener, org.springframework.boot.test.mock.mockito.ResetMocksTestExecutionListener, org.springframework.boot.test.autoconfigure.restdocs.RestDocsTestExecutionListener, org.springframework.boot.test.autoconfigure.web.client.MockRestServiceServerResetTestExecutionListener, org.springframework.boot.test.autoconfigure.web.servlet.MockMvcPrintOnlyOnFailureTestExecutionListener, org.springframework.boot.test.autoconfigure.web.servlet.WebDriverTestExecutionListener, org.springframework.test.context.web.ServletTestExecutionListener, org.springframework.test.context.support.DirtiesContextBeforeModesTestExecutionListener, org.springframework.test.context.support.DependencyInjectionTestExecutionListener, org.springframework.test.context.support.DirtiesContextTestExecutionListener, org.springframework.test.context.transaction.TransactionalTestExecutionListener, org.springframework.test.context.jdbc.SqlScriptsTestExecutionListener]
10:23:41.914 [main] INFO org.springframework.boot.test.context.SpringBootTestContextBootstrapper - Using TestExecutionListeners: [org.springframework.test.context.web.ServletTestExecutionListener@4a8355dd, org.springframework.test.context.support.DirtiesContextBeforeModesTestExecutionListener@4d0d9fe7, org.springframework.boot.test.mock.mockito.MockitoTestExecutionListener@c430e6c, org.springframework.boot.test.autoconfigure.SpringBootDependencyInjectionTestExecutionListener@312aa7c, org.springframework.test.context.support.DirtiesContextTestExecutionListener@536f2a7e, org.springframework.test.context.transaction.TransactionalTestExecutionListener@72bc6553, org.springframework.test.context.jdbc.SqlScriptsTestExecutionListener@66982506, org.springframework.boot.test.mock.mockito.ResetMocksTestExecutionListener@70cf32e3, org.springframework.boot.test.autoconfigure.restdocs.RestDocsTestExecutionListener@5a59ca5e, org.springframework.boot.test.autoconfigure.web.client.MockRestServiceServerResetTestExecutionListener@4bdeaabb, org.springframework.boot.test.autoconfigure.web.servlet.MockMvcPrintOnlyOnFailureTestExecutionListener@6c4906d3, org.springframework.boot.test.autoconfigure.web.servlet.WebDriverTestExecutionListener@65987993]
10:23:41.918 [main] DEBUG org.springframework.test.annotation.ProfileValueUtils - Retrieved @ProfileValueSourceConfiguration [null] for test class [fractalfintech.orderbook.OrderbookApplicationTests]
10:23:41.919 [main] DEBUG org.springframework.test.annotation.ProfileValueUtils - Retrieved ProfileValueSource type [class org.springframework.test.annotation.SystemProfileValueSource] for class [fractalfintech.orderbook.OrderbookApplicationTests]
10:23:41.920 [main] DEBUG org.springframework.test.annotation.ProfileValueUtils - Retrieved @ProfileValueSourceConfiguration [null] for test class [fractalfintech.orderbook.OrderbookApplicationTests]
10:23:41.920 [main] DEBUG org.springframework.test.annotation.ProfileValueUtils - Retrieved ProfileValueSource type [class org.springframework.test.annotation.SystemProfileValueSource] for class [fractalfintech.orderbook.OrderbookApplicationTests]
10:23:41.920 [main] DEBUG org.springframework.test.annotation.ProfileValueUtils - Retrieved @ProfileValueSourceConfiguration [null] for test class [fractalfintech.orderbook.OrderbookApplicationTests]
10:23:41.921 [main] DEBUG org.springframework.test.annotation.ProfileValueUtils - Retrieved ProfileValueSource type [class org.springframework.test.annotation.SystemProfileValueSource] for class [fractalfintech.orderbook.OrderbookApplicationTests]
10:23:41.923 [main] DEBUG org.springframework.test.context.support.AbstractDirtiesContextTestExecutionListener - Before test class: context [DefaultTestContext@55cb6996 testClass = OrderbookApplicationTests, testInstance = [null], testMethod = [null], testException = [null], mergedContextConfiguration = [WebMergedContextConfiguration@1807e3f6 testClass = OrderbookApplicationTests, locations = '{}', classes = '{class fractalfintech.orderbook.OrderbookApplication}', contextInitializerClasses = '[]', activeProfiles = '{}', propertySourceLocations = '{}', propertySourceProperties = '{org.springframework.boot.test.context.SpringBootTestContextBootstrapper=true}', contextCustomizers = set[org.springframework.boot.test.context.filter.ExcludeFilterContextCustomizer@be64738, org.springframework.boot.test.json.DuplicateJsonObjectContextCustomizerFactory$DuplicateJsonObjectContextCustomizer@48e4374, org.springframework.boot.test.mock.mockito.MockitoContextCustomizer@0, org.springframework.boot.test.web.client.TestRestTemplateContextCustomizer@a9cd3b1, org.springframework.boot.test.autoconfigure.properties.PropertyMappingContextCustomizer@0, org.springframework.boot.test.autoconfigure.web.servlet.WebDriverContextCustomizerFactory$Customizer@3d74bf60], resourceBasePath = 'src/main/webapp', contextLoader = 'org.springframework.boot.test.context.SpringBootContextLoader', parent = [null]], attributes = map['org.springframework.test.context.web.ServletTestExecutionListener.activateListener' -> true]], class annotated with @DirtiesContext [false] with mode [null].
10:23:41.926 [main] DEBUG org.springframework.test.annotation.ProfileValueUtils - Retrieved @ProfileValueSourceConfiguration [null] for test class [fractalfintech.orderbook.OrderbookApplicationTests]
10:23:41.926 [main] DEBUG org.springframework.test.annotation.ProfileValueUtils - Retrieved ProfileValueSource type [class org.springframework.test.annotation.SystemProfileValueSource] for class [fractalfintech.orderbook.OrderbookApplicationTests]
10:23:41.942 [main] DEBUG org.springframework.core.env.StandardEnvironment - Adding PropertySource 'systemProperties' with lowest search precedence
10:23:41.943 [main] DEBUG org.springframework.core.env.StandardEnvironment - Adding PropertySource 'systemEnvironment' with lowest search precedence
10:23:41.943 [main] DEBUG org.springframework.core.env.StandardEnvironment - Initialized StandardEnvironment with PropertySources [MapPropertySource@1777238524 {name='systemProperties', properties={java.specification.version=17, sun.jnu.encoding=UTF-8, java.class.path=/home/wh/project/OrderBook/target/test-classes:/home/wh/project/OrderBook/target/classes:/home/wh/.m2/repository/org/springframework/boot/spring-boot-starter-actuator/2.0.1.RELEASE/spring-boot-starter-actuator-2.0.1.RELEASE.jar:/home/wh/.m2/repository/org/springframework/boot/spring-boot-starter/2.0.1.RELEASE/spring-boot-starter-2.0.1.RELEASE.jar:/home/wh/.m2/repository/org/springframework/boot/spring-boot-starter-logging/2.0.1.RELEASE/spring-boot-starter-logging-2.0.1.RELEASE.jar:/home/wh/.m2/repository/ch/qos/logback/logback-classic/1.2.3/logback-classic-1.2.3.jar:/home/wh/.m2/repository/ch/qos/logback/logback-core/1.2.3/logback-core-1.2.3.jar:/home/wh/.m2/repository/org/apache/logging/log4j/log4j-to-slf4j/2.10.0/log4j-to-slf4j-2.10.0.jar:/home/wh/.m2/repository/org/apache/logging/log4j/log4j-api/2.10.0/log4j-api-2.10.0.jar:/home/wh/.m2/repository/org/slf4j/jul-to-slf4j/1.7.25/jul-to-slf4j-1.7.25.jar:/home/wh/.m2/repository/javax/annotation/javax.annotation-api/1.3.2/javax.annotation-api-1.3.2.jar:/home/wh/.m2/repository/org/yaml/snakeyaml/1.19/snakeyaml-1.19.jar:/home/wh/.m2/repository/org/springframework/boot/spring-boot-actuator-autoconfigure/2.0.1.RELEASE/spring-boot-actuator-autoconfigure-2.0.1.RELEASE.jar:/home/wh/.m2/repository/org/springframework/boot/spring-boot-actuator/2.0.1.RELEASE/spring-boot-actuator-2.0.1.RELEASE.jar:/home/wh/.m2/repository/com/fasterxml/jackson/core/jackson-databind/2.9.5/jackson-databind-2.9.5.jar:/home/wh/.m2/repository/com/fasterxml/jackson/core/jackson-core/2.9.5/jackson-core-2.9.5.jar:/home/wh/.m2/repository/org/springframework/spring-context/5.0.5.RELEASE/spring-context-5.0.5.RELEASE.jar:/home/wh/.m2/repository/com/fasterxml/jackson/datatype/jackson-datatype-jsr310/2.9.5/jackson-datatype-jsr310-2.9.5.jar:/home/wh/.m2/repository/io/micrometer/micrometer-core/1.0.3/micrometer-core-1.0.3.jar:/home/wh/.m2/repository/org/hdrhistogram/HdrHistogram/2.1.10/HdrHistogram-2.1.10.jar:/home/wh/.m2/repository/org/latencyutils/LatencyUtils/2.0.3/LatencyUtils-2.0.3.jar:/home/wh/.m2/repository/org/springframework/boot/spring-boot-starter-web/2.0.1.RELEASE/spring-boot-starter-web-2.0.1.RELEASE.jar:/home/wh/.m2/repository/org/springframework/boot/spring-boot-starter-json/2.0.1.RELEASE/spring-boot-starter-json-2.0.1.RELEASE.jar:/home/wh/.m2/repository/com/fasterxml/jackson/datatype/jackson-datatype-jdk8/2.9.5/jackson-datatype-jdk8-2.9.5.jar:/home/wh/.m2/repository/com/fasterxml/jackson/module/jackson-module-parameter-names/2.9.5/jackson-module-parameter-names-2.9.5.jar:/home/wh/.m2/repository/org/springframework/boot/spring-boot-starter-tomcat/2.0.1.RELEASE/spring-boot-starter-tomcat-2.0.1.RELEASE.jar:/home/wh/.m2/repository/org/apache/tomcat/embed/tomcat-embed-core/8.5.29/tomcat-embed-core-8.5.29.jar:/home/wh/.m2/repository/org/apache/tomcat/embed/tomcat-embed-el/8.5.29/tomcat-embed-el-8.5.29.jar:/home/wh/.m2/repository/org/apache/tomcat/embed/tomcat-embed-websocket/8.5.29/tomcat-embed-websocket-8.5.29.jar:/home/wh/.m2/repository/org/hibernate/validator/hibernate-validator/6.0.9.Final/hibernate-validator-6.0.9.Final.jar:/home/wh/.m2/repository/javax/validation/validation-api/2.0.1.Final/validation-api-2.0.1.Final.jar:/home/wh/.m2/repository/org/jboss/logging/jboss-logging/3.3.2.Final/jboss-logging-3.3.2.Final.jar:/home/wh/.m2/repository/org/springframework/spring-web/5.0.5.RELEASE/spring-web-5.0.5.RELEASE.jar:/home/wh/.m2/repository/org/springframework/spring-beans/5.0.5.RELEASE/spring-beans-5.0.5.RELEASE.jar:/home/wh/.m2/repository/org/springframework/spring-webmvc/5.0.5.RELEASE/spring-webmvc-5.0.5.RELEASE.jar:/home/wh/.m2/repository/org/springframework/spring-aop/5.0.5.RELEASE/spring-aop-5.0.5.RELEASE.jar:/home/wh/.m2/repository/org/springframework/spring-expression/5.0.5.RELEASE/spring-expression-5.0.5.RELEASE.jar:/home/wh/.m2/repository/org/springframework/boot/spring-boot-starter-data-jpa/2.0.1.RELEASE/spring-boot-starter-data-jpa-2.0.1.RELEASE.jar:/home/wh/.m2/repository/org/springframework/boot/spring-boot-starter-aop/2.0.1.RELEASE/spring-boot-starter-aop-2.0.1.RELEASE.jar:/home/wh/.m2/repository/org/aspectj/aspectjweaver/1.8.13/aspectjweaver-1.8.13.jar:/home/wh/.m2/repository/org/springframework/boot/spring-boot-starter-jdbc/2.0.1.RELEASE/spring-boot-starter-jdbc-2.0.1.RELEASE.jar:/home/wh/.m2/repository/com/zaxxer/HikariCP/2.7.8/HikariCP-2.7.8.jar:/home/wh/.m2/repository/org/springframework/spring-jdbc/5.0.5.RELEASE/spring-jdbc-5.0.5.RELEASE.jar:/home/wh/.m2/repository/org/hibernate/hibernate-core/5.2.16.Final/hibernate-core-5.2.16.Final.jar:/home/wh/.m2/repository/org/hibernate/javax/persistence/hibernate-jpa-2.1-api/1.0.0.Final/hibernate-jpa-2.1-api-1.0.0.Final.jar:/home/wh/.m2/repository/org/javassist/javassist/3.22.0-GA/javassist-3.22.0-GA.jar:/home/wh/.m2/repository/antlr/antlr/2.7.7/antlr-2.7.7.jar:/home/wh/.m2/repository/org/jboss/jandex/2.0.3.Final/jandex-2.0.3.Final.jar:/home/wh/.m2/repository/dom4j/dom4j/1.6.1/dom4j-1.6.1.jar:/home/wh/.m2/repository/org/hibernate/common/hibernate-commons-annotations/5.0.1.Final/hibernate-commons-annotations-5.0.1.Final.jar:/home/wh/.m2/repository/javax/transaction/javax.transaction-api/1.2/javax.transaction-api-1.2.jar:/home/wh/.m2/repository/org/springframework/data/spring-data-jpa/2.0.6.RELEASE/spring-data-jpa-2.0.6.RELEASE.jar:/home/wh/.m2/repository/org/springframework/data/spring-data-commons/2.0.6.RELEASE/spring-data-commons-2.0.6.RELEASE.jar:/home/wh/.m2/repository/org/springframework/spring-orm/5.0.5.RELEASE/spring-orm-5.0.5.RELEASE.jar:/home/wh/.m2/repository/org/springframework/spring-tx/5.0.5.RELEASE/spring-tx-5.0.5.RELEASE.jar:/home/wh/.m2/repository/org/springframework/spring-aspects/5.0.5.RELEASE/spring-aspects-5.0.5.RELEASE.jar:/home/wh/.m2/repository/org/springframework/boot/spring-boot-starter-test/2.0.1.RELEASE/spring-boot-starter-test-2.0.1.RELEASE.jar:/home/wh/.m2/repository/org/springframework/boot/spring-boot-test/2.0.1.RELEASE/spring-boot-test-2.0.1.RELEASE.jar:/home/wh/.m2/repository/org/springframework/boot/spring-boot-test-autoconfigure/2.0.1.RELEASE/spring-boot-test-autoconfigure-2.0.1.RELEASE.jar:/home/wh/.m2/repository/com/jayway/jsonpath/json-path/2.4.0/json-path-2.4.0.jar:/home/wh/.m2/repository/net/minidev/json-smart/2.3/json-smart-2.3.jar:/home/wh/.m2/repository/net/minidev/accessors-smart/1.2/accessors-smart-1.2.jar:/home/wh/.m2/repository/org/ow2/asm/asm/5.0.4/asm-5.0.4.jar:/home/wh/.m2/repository/junit/junit/4.12/junit-4.12.jar:/home/wh/.m2/repository/org/assertj/assertj-core/3.9.1/assertj-core-3.9.1.jar:/home/wh/.m2/repository/org/mockito/mockito-core/2.15.0/mockito-core-2.15.0.jar:/home/wh/.m2/repository/net/bytebuddy/byte-buddy/1.7.11/byte-buddy-1.7.11.jar:/home/wh/.m2/repository/net/bytebuddy/byte-buddy-agent/1.7.11/byte-buddy-agent-1.7.11.jar:/home/wh/.m2/repository/org/objenesis/objenesis/2.6/objenesis-2.6.jar:/home/wh/.m2/repository/org/hamcrest/hamcrest-core/1.3/hamcrest-core-1.3.jar:/home/wh/.m2/repository/org/hamcrest/hamcrest-library/1.3/hamcrest-library-1.3.jar:/home/wh/.m2/repository/org/skyscreamer/jsonassert/1.5.0/jsonassert-1.5.0.jar:/home/wh/.m2/repository/com/vaadin/external/google/android-json/0.0.20131108.vaadin1/android-json-0.0.20131108.vaadin1.jar:/home/wh/.m2/repository/org/springframework/spring-core/5.0.5.RELEASE/spring-core-5.0.5.RELEASE.jar:/home/wh/.m2/repository/org/springframework/spring-jcl/5.0.5.RELEASE/spring-jcl-5.0.5.RELEASE.jar:/home/wh/.m2/repository/org/springframework/spring-test/5.0.5.RELEASE/spring-test-5.0.5.RELEASE.jar:/home/wh/.m2/repository/org/xmlunit/xmlunit-core/2.5.1/xmlunit-core-2.5.1.jar:/home/wh/.m2/repository/io/springfox/springfox-swagger2/2.4.0/springfox-swagger2-2.4.0.jar:/home/wh/.m2/repository/io/swagger/swagger-annotations/1.5.6/swagger-annotations-1.5.6.jar:/home/wh/.m2/repository/io/swagger/swagger-models/1.5.6/swagger-models-1.5.6.jar:/home/wh/.m2/repository/com/fasterxml/jackson/core/jackson-annotations/2.9.0/jackson-annotations-2.9.0.jar:/home/wh/.m2/repository/io/springfox/springfox-spi/2.4.0/springfox-spi-2.4.0.jar:/home/wh/.m2/repository/io/springfox/springfox-core/2.4.0/springfox-core-2.4.0.jar:/home/wh/.m2/repository/io/springfox/springfox-schema/2.4.0/springfox-schema-2.4.0.jar:/home/wh/.m2/repository/io/springfox/springfox-swagger-common/2.4.0/springfox-swagger-common-2.4.0.jar:/home/wh/.m2/repository/io/springfox/springfox-spring-web/2.4.0/springfox-spring-web-2.4.0.jar:/home/wh/.m2/repository/com/google/guava/guava/18.0/guava-18.0.jar:/home/wh/.m2/repository/com/fasterxml/classmate/1.3.4/classmate-1.3.4.jar:/home/wh/.m2/repository/org/slf4j/slf4j-api/1.7.25/slf4j-api-1.7.25.jar:/home/wh/.m2/repository/org/springframework/plugin/spring-plugin-core/1.2.0.RELEASE/spring-plugin-core-1.2.0.RELEASE.jar:/home/wh/.m2/repository/org/springframework/plugin/spring-plugin-metadata/1.2.0.RELEASE/spring-plugin-metadata-1.2.0.RELEASE.jar:/home/wh/.m2/repository/io/springfox/springfox-swagger-ui/2.4.0/springfox-swagger-ui-2.4.0.jar:/home/wh/.m2/repository/org/springframework/boot/spring-boot-devtools/2.0.1.RELEASE/spring-boot-devtools-2.0.1.RELEASE.jar:/home/wh/.m2/repository/org/springframework/boot/spring-boot/2.0.1.RELEASE/spring-boot-2.0.1.RELEASE.jar:/home/wh/.m2/repository/org/springframework/boot/spring-boot-autoconfigure/2.0.1.RELEASE/spring-boot-autoconfigure-2.0.1.RELEASE.jar:/home/wh/.m2/repository/com/h2database/h2/1.4.197/h2-1.4.197.jar:/home/wh/.m2/repository/org/codehaus/jackson/jackson-mapper-asl/1.9.13/jackson-mapper-asl-1.9.13.jar:/home/wh/.m2/repository/org/codehaus/jackson/jackson-core-asl/1.9.13/jackson-core-asl-1.9.13.jar:, java.vm.vendor=Private Build, sun.arch.data.model=64, java.vendor.url=Unknown, user.timezone=Asia/Seoul, java.vm.specification.version=17, os.name=Linux, sun.java.launcher=SUN_STANDARD, user.country=US, sun.boot.library.path=/usr/lib/jvm/java-17-openjdk-amd64/lib, sun.java.command=/home/wh/project/OrderBook/target/surefire/surefirebooter17709361583291081932.jar /home/wh/project/OrderBook/target/surefire 2023-03-14T10-23-34_778-jvmRun1 surefire7788762135669278447tmp surefire_08144921119571153090tmp, jdk.debug=release, surefire.test.class.path=/home/wh/project/OrderBook/target/test-classes:/home/wh/project/OrderBook/target/classes:/home/wh/.m2/repository/org/springframework/boot/spring-boot-starter-actuator/2.0.1.RELEASE/spring-boot-starter-actuator-2.0.1.RELEASE.jar:/home/wh/.m2/repository/org/springframework/boot/spring-boot-starter/2.0.1.RELEASE/spring-boot-starter-2.0.1.RELEASE.jar:/home/wh/.m2/repository/org/springframework/boot/spring-boot-starter-logging/2.0.1.RELEASE/spring-boot-starter-logging-2.0.1.RELEASE.jar:/home/wh/.m2/repository/ch/qos/logback/logback-classic/1.2.3/logback-classic-1.2.3.jar:/home/wh/.m2/repository/ch/qos/logback/logback-core/1.2.3/logback-core-1.2.3.jar:/home/wh/.m2/repository/org/apache/logging/log4j/log4j-to-slf4j/2.10.0/log4j-to-slf4j-2.10.0.jar:/home/wh/.m2/repository/org/apache/logging/log4j/log4j-api/2.10.0/log4j-api-2.10.0.jar:/home/wh/.m2/repository/org/slf4j/jul-to-slf4j/1.7.25/jul-to-slf4j-1.7.25.jar:/home/wh/.m2/repository/javax/annotation/javax.annotation-api/1.3.2/javax.annotation-api-1.3.2.jar:/home/wh/.m2/repository/org/yaml/snakeyaml/1.19/snakeyaml-1.19.jar:/home/wh/.m2/repository/org/springframework/boot/spring-boot-actuator-autoconfigure/2.0.1.RELEASE/spring-boot-actuator-autoconfigure-2.0.1.RELEASE.jar:/home/wh/.m2/repository/org/springframework/boot/spring-boot-actuator/2.0.1.RELEASE/spring-boot-actuator-2.0.1.RELEASE.jar:/home/wh/.m2/repository/com/fasterxml/jackson/core/jackson-databind/2.9.5/jackson-databind-2.9.5.jar:/home/wh/.m2/repository/com/fasterxml/jackson/core/jackson-core/2.9.5/jackson-core-2.9.5.jar:/home/wh/.m2/repository/org/springframework/spring-context/5.0.5.RELEASE/spring-context-5.0.5.RELEASE.jar:/home/wh/.m2/repository/com/fasterxml/jackson/datatype/jackson-datatype-jsr310/2.9.5/jackson-datatype-jsr310-2.9.5.jar:/home/wh/.m2/repository/io/micrometer/micrometer-core/1.0.3/micrometer-core-1.0.3.jar:/home/wh/.m2/repository/org/hdrhistogram/HdrHistogram/2.1.10/HdrHistogram-2.1.10.jar:/home/wh/.m2/repository/org/latencyutils/LatencyUtils/2.0.3/LatencyUtils-2.0.3.jar:/home/wh/.m2/repository/org/springframework/boot/spring-boot-starter-web/2.0.1.RELEASE/spring-boot-starter-web-2.0.1.RELEASE.jar:/home/wh/.m2/repository/org/springframework/boot/spring-boot-starter-json/2.0.1.RELEASE/spring-boot-starter-json-2.0.1.RELEASE.jar:/home/wh/.m2/repository/com/fasterxml/jackson/datatype/jackson-datatype-jdk8/2.9.5/jackson-datatype-jdk8-2.9.5.jar:/home/wh/.m2/repository/com/fasterxml/jackson/module/jackson-module-parameter-names/2.9.5/jackson-module-parameter-names-2.9.5.jar:/home/wh/.m2/repository/org/springframework/boot/spring-boot-starter-tomcat/2.0.1.RELEASE/spring-boot-starter-tomcat-2.0.1.RELEASE.jar:/home/wh/.m2/repository/org/apache/tomcat/embed/tomcat-embed-core/8.5.29/tomcat-embed-core-8.5.29.jar:/home/wh/.m2/repository/org/apache/tomcat/embed/tomcat-embed-el/8.5.29/tomcat-embed-el-8.5.29.jar:/home/wh/.m2/repository/org/apache/tomcat/embed/tomcat-embed-websocket/8.5.29/tomcat-embed-websocket-8.5.29.jar:/home/wh/.m2/repository/org/hibernate/validator/hibernate-validator/6.0.9.Final/hibernate-validator-6.0.9.Final.jar:/home/wh/.m2/repository/javax/validation/validation-api/2.0.1.Final/validation-api-2.0.1.Final.jar:/home/wh/.m2/repository/org/jboss/logging/jboss-logging/3.3.2.Final/jboss-logging-3.3.2.Final.jar:/home/wh/.m2/repository/org/springframework/spring-web/5.0.5.RELEASE/spring-web-5.0.5.RELEASE.jar:/home/wh/.m2/repository/org/springframework/spring-beans/5.0.5.RELEASE/spring-beans-5.0.5.RELEASE.jar:/home/wh/.m2/repository/org/springframework/spring-webmvc/5.0.5.RELEASE/spring-webmvc-5.0.5.RELEASE.jar:/home/wh/.m2/repository/org/springframework/spring-aop/5.0.5.RELEASE/spring-aop-5.0.5.RELEASE.jar:/home/wh/.m2/repository/org/springframework/spring-expression/5.0.5.RELEASE/spring-expression-5.0.5.RELEASE.jar:/home/wh/.m2/repository/org/springframework/boot/spring-boot-starter-data-jpa/2.0.1.RELEASE/spring-boot-starter-data-jpa-2.0.1.RELEASE.jar:/home/wh/.m2/repository/org/springframework/boot/spring-boot-starter-aop/2.0.1.RELEASE/spring-boot-starter-aop-2.0.1.RELEASE.jar:/home/wh/.m2/repository/org/aspectj/aspectjweaver/1.8.13/aspectjweaver-1.8.13.jar:/home/wh/.m2/repository/org/springframework/boot/spring-boot-starter-jdbc/2.0.1.RELEASE/spring-boot-starter-jdbc-2.0.1.RELEASE.jar:/home/wh/.m2/repository/com/zaxxer/HikariCP/2.7.8/HikariCP-2.7.8.jar:/home/wh/.m2/repository/org/springframework/spring-jdbc/5.0.5.RELEASE/spring-jdbc-5.0.5.RELEASE.jar:/home/wh/.m2/repository/org/hibernate/hibernate-core/5.2.16.Final/hibernate-core-5.2.16.Final.jar:/home/wh/.m2/repository/org/hibernate/javax/persistence/hibernate-jpa-2.1-api/1.0.0.Final/hibernate-jpa-2.1-api-1.0.0.Final.jar:/home/wh/.m2/repository/org/javassist/javassist/3.22.0-GA/javassist-3.22.0-GA.jar:/home/wh/.m2/repository/antlr/antlr/2.7.7/antlr-2.7.7.jar:/home/wh/.m2/repository/org/jboss/jandex/2.0.3.Final/jandex-2.0.3.Final.jar:/home/wh/.m2/repository/dom4j/dom4j/1.6.1/dom4j-1.6.1.jar:/home/wh/.m2/repository/org/hibernate/common/hibernate-commons-annotations/5.0.1.Final/hibernate-commons-annotations-5.0.1.Final.jar:/home/wh/.m2/repository/javax/transaction/javax.transaction-api/1.2/javax.transaction-api-1.2.jar:/home/wh/.m2/repository/org/springframework/data/spring-data-jpa/2.0.6.RELEASE/spring-data-jpa-2.0.6.RELEASE.jar:/home/wh/.m2/repository/org/springframework/data/spring-data-commons/2.0.6.RELEASE/spring-data-commons-2.0.6.RELEASE.jar:/home/wh/.m2/repository/org/springframework/spring-orm/5.0.5.RELEASE/spring-orm-5.0.5.RELEASE.jar:/home/wh/.m2/repository/org/springframework/spring-tx/5.0.5.RELEASE/spring-tx-5.0.5.RELEASE.jar:/home/wh/.m2/repository/org/springframework/spring-aspects/5.0.5.RELEASE/spring-aspects-5.0.5.RELEASE.jar:/home/wh/.m2/repository/org/springframework/boot/spring-boot-starter-test/2.0.1.RELEASE/spring-boot-starter-test-2.0.1.RELEASE.jar:/home/wh/.m2/repository/org/springframework/boot/spring-boot-test/2.0.1.RELEASE/spring-boot-test-2.0.1.RELEASE.jar:/home/wh/.m2/repository/org/springframework/boot/spring-boot-test-autoconfigure/2.0.1.RELEASE/spring-boot-test-autoconfigure-2.0.1.RELEASE.jar:/home/wh/.m2/repository/com/jayway/jsonpath/json-path/2.4.0/json-path-2.4.0.jar:/home/wh/.m2/repository/net/minidev/json-smart/2.3/json-smart-2.3.jar:/home/wh/.m2/repository/net/minidev/accessors-smart/1.2/accessors-smart-1.2.jar:/home/wh/.m2/repository/org/ow2/asm/asm/5.0.4/asm-5.0.4.jar:/home/wh/.m2/repository/junit/junit/4.12/junit-4.12.jar:/home/wh/.m2/repository/org/assertj/assertj-core/3.9.1/assertj-core-3.9.1.jar:/home/wh/.m2/repository/org/mockito/mockito-core/2.15.0/mockito-core-2.15.0.jar:/home/wh/.m2/repository/net/bytebuddy/byte-buddy/1.7.11/byte-buddy-1.7.11.jar:/home/wh/.m2/repository/net/bytebuddy/byte-buddy-agent/1.7.11/byte-buddy-agent-1.7.11.jar:/home/wh/.m2/repository/org/objenesis/objenesis/2.6/objenesis-2.6.jar:/home/wh/.m2/repository/org/hamcrest/hamcrest-core/1.3/hamcrest-core-1.3.jar:/home/wh/.m2/repository/org/hamcrest/hamcrest-library/1.3/hamcrest-library-1.3.jar:/home/wh/.m2/repository/org/skyscreamer/jsonassert/1.5.0/jsonassert-1.5.0.jar:/home/wh/.m2/repository/com/vaadin/external/google/android-json/0.0.20131108.vaadin1/android-json-0.0.20131108.vaadin1.jar:/home/wh/.m2/repository/org/springframework/spring-core/5.0.5.RELEASE/spring-core-5.0.5.RELEASE.jar:/home/wh/.m2/repository/org/springframework/spring-jcl/5.0.5.RELEASE/spring-jcl-5.0.5.RELEASE.jar:/home/wh/.m2/repository/org/springframework/spring-test/5.0.5.RELEASE/spring-test-5.0.5.RELEASE.jar:/home/wh/.m2/repository/org/xmlunit/xmlunit-core/2.5.1/xmlunit-core-2.5.1.jar:/home/wh/.m2/repository/io/springfox/springfox-swagger2/2.4.0/springfox-swagger2-2.4.0.jar:/home/wh/.m2/repository/io/swagger/swagger-annotations/1.5.6/swagger-annotations-1.5.6.jar:/home/wh/.m2/repository/io/swagger/swagger-models/1.5.6/swagger-models-1.5.6.jar:/home/wh/.m2/repository/com/fasterxml/jackson/core/jackson-annotations/2.9.0/jackson-annotations-2.9.0.jar:/home/wh/.m2/repository/io/springfox/springfox-spi/2.4.0/springfox-spi-2.4.0.jar:/home/wh/.m2/repository/io/springfox/springfox-core/2.4.0/springfox-core-2.4.0.jar:/home/wh/.m2/repository/io/springfox/springfox-schema/2.4.0/springfox-schema-2.4.0.jar:/home/wh/.m2/repository/io/springfox/springfox-swagger-common/2.4.0/springfox-swagger-common-2.4.0.jar:/home/wh/.m2/repository/io/springfox/springfox-spring-web/2.4.0/springfox-spring-web-2.4.0.jar:/home/wh/.m2/repository/com/google/guava/guava/18.0/guava-18.0.jar:/home/wh/.m2/repository/com/fasterxml/classmate/1.3.4/classmate-1.3.4.jar:/home/wh/.m2/repository/org/slf4j/slf4j-api/1.7.25/slf4j-api-1.7.25.jar:/home/wh/.m2/repository/org/springframework/plugin/spring-plugin-core/1.2.0.RELEASE/spring-plugin-core-1.2.0.RELEASE.jar:/home/wh/.m2/repository/org/springframework/plugin/spring-plugin-metadata/1.2.0.RELEASE/spring-plugin-metadata-1.2.0.RELEASE.jar:/home/wh/.m2/repository/io/springfox/springfox-swagger-ui/2.4.0/springfox-swagger-ui-2.4.0.jar:/home/wh/.m2/repository/org/springframework/boot/spring-boot-devtools/2.0.1.RELEASE/spring-boot-devtools-2.0.1.RELEASE.jar:/home/wh/.m2/repository/org/springframework/boot/spring-boot/2.0.1.RELEASE/spring-boot-2.0.1.RELEASE.jar:/home/wh/.m2/repository/org/springframework/boot/spring-boot-autoconfigure/2.0.1.RELEASE/spring-boot-autoconfigure-2.0.1.RELEASE.jar:/home/wh/.m2/repository/com/h2database/h2/1.4.197/h2-1.4.197.jar:/home/wh/.m2/repository/org/codehaus/jackson/jackson-mapper-asl/1.9.13/jackson-mapper-asl-1.9.13.jar:/home/wh/.m2/repository/org/codehaus/jackson/jackson-core-asl/1.9.13/jackson-core-asl-1.9.13.jar:, sun.cpu.endian=little, user.home=/home/wh, user.language=en, java.specification.vendor=Oracle Corporation, java.version.date=2023-01-17, java.home=/usr/lib/jvm/java-17-openjdk-amd64, file.separator=/, basedir=/home/wh/project/OrderBook, java.vm.compressedOopsMode=Zero based, line.separator=
, java.specification.name=Java Platform API Specification, java.vm.specification.vendor=Oracle Corporation, surefire.real.class.path=/home/wh/project/OrderBook/target/surefire/surefirebooter17709361583291081932.jar, sun.management.compiler=HotSpot 64-Bit Tiered Compilers, java.runtime.version=17.0.6+10-Ubuntu-0ubuntu122.04, user.name=wh, path.separator=:, os.version=5.19.0-35-generic, java.runtime.name=OpenJDK Runtime Environment, file.encoding=UTF-8, java.vm.name=OpenJDK 64-Bit Server VM, localRepository=/home/wh/.m2/repository, java.vendor.url.bug=Unknown, java.io.tmpdir=/tmp, java.version=17.0.6, user.dir=/home/wh/project/OrderBook, os.arch=amd64, java.vm.specification.name=Java Virtual Machine Specification, native.encoding=UTF-8, java.library.path=/usr/java/packages/lib:/usr/lib/x86_64-linux-gnu/jni:/lib/x86_64-linux-gnu:/usr/lib/x86_64-linux-gnu:/usr/lib/jni:/lib:/usr/lib, java.vm.info=mixed mode, sharing, java.vendor=Private Build, java.vm.version=17.0.6+10-Ubuntu-0ubuntu122.04, sun.io.unicode.encoding=UnicodeLittle, java.class.version=61.0}}, SystemEnvironmentPropertySource@1848289347 {name='systemEnvironment', properties={PATH=/usr/local/sbin:/usr/local/bin:/usr/sbin:/usr/bin:/sbin:/bin:/usr/games:/usr/local/games:/snap/bin:/snap/bin, LC_MEASUREMENT=ko_KR.UTF-8, XAUTHORITY=/run/user/1000/.mutter-Xwaylandauth.N9DA11, XMODIFIERS=@im=ibus, LC_TELEPHONE=ko_KR.UTF-8, XDG_DATA_DIRS=/usr/share/ubuntu:/usr/local/share/:/usr/share/:/var/lib/snapd/desktop, GDMSESSION=ubuntu, LC_TIME=ko_KR.UTF-8, DBUS_SESSION_BUS_ADDRESS=unix:path=/run/user/1000/bus, XDG_CURRENT_DESKTOP=ubuntu:GNOME, COLORTERM=truecolor, LC_PAPER=ko_KR.UTF-8, SESSION_MANAGER=local/wh-virtual-machine:@/tmp/.ICE-unix/1400,unix/wh-virtual-machine:/tmp/.ICE-unix/1400, USERNAME=wh, LOGNAME=wh, PWD=/home/wh/project/OrderBook, IM_CONFIG_PHASE=1, LANGUAGE=en_US:, SHELL=/bin/bash, LESSOPEN=| /usr/bin/lesspipe %s, LC_ADDRESS=ko_KR.UTF-8, OLDPWD=/home/wh/project/OrderBook, GNOME_DESKTOP_SESSION_ID=this-is-deprecated, GNOME_TERMINAL_SCREEN=/org/gnome/Terminal/screen/6722c75d_8958_47f2_8844_5f303f83894e, GTK_MODULES=gail:atk-bridge, SYSTEMD_EXEC_PID=1488, XDG_SESSION_DESKTOP=ubuntu, LS_COLORS=rs=0:di=01;34:ln=01;36:mh=00:pi=40;33:so=01;35:do=01;35:bd=40;33;01:cd=40;33;01:or=40;31;01:mi=00:su=37;41:sg=30;43:ca=30;41:tw=30;42:ow=34;42:st=37;44:ex=01;32:*.tar=01;31:*.tgz=01;31:*.arc=01;31:*.arj=01;31:*.taz=01;31:*.lha=01;31:*.lz4=01;31:*.lzh=01;31:*.lzma=01;31:*.tlz=01;31:*.txz=01;31:*.tzo=01;31:*.t7z=01;31:*.zip=01;31:*.z=01;31:*.dz=01;31:*.gz=01;31:*.lrz=01;31:*.lz=01;31:*.lzo=01;31:*.xz=01;31:*.zst=01;31:*.tzst=01;31:*.bz2=01;31:*.bz=01;31:*.tbz=01;31:*.tbz2=01;31:*.tz=01;31:*.deb=01;31:*.rpm=01;31:*.jar=01;31:*.war=01;31:*.ear=01;31:*.sar=01;31:*.rar=01;31:*.alz=01;31:*.ace=01;31:*.zoo=01;31:*.cpio=01;31:*.7z=01;31:*.rz=01;31:*.cab=01;31:*.wim=01;31:*.swm=01;31:*.dwm=01;31:*.esd=01;31:*.jpg=01;35:*.jpeg=01;35:*.mjpg=01;35:*.mjpeg=01;35:*.gif=01;35:*.bmp=01;35:*.pbm=01;35:*.pgm=01;35:*.ppm=01;35:*.tga=01;35:*.xbm=01;35:*.xpm=01;35:*.tif=01;35:*.tiff=01;35:*.png=01;35:*.svg=01;35:*.svgz=01;35:*.mng=01;35:*.pcx=01;35:*.mov=01;35:*.mpg=01;35:*.mpeg=01;35:*.m2v=01;35:*.mkv=01;35:*.webm=01;35:*.webp=01;35:*.ogm=01;35:*.mp4=01;35:*.m4v=01;35:*.mp4v=01;35:*.vob=01;35:*.qt=01;35:*.nuv=01;35:*.wmv=01;35:*.asf=01;35:*.rm=01;35:*.rmvb=01;35:*.flc=01;35:*.avi=01;35:*.fli=01;35:*.flv=01;35:*.gl=01;35:*.dl=01;35:*.xcf=01;35:*.xwd=01;35:*.yuv=01;35:*.cgm=01;35:*.emf=01;35:*.ogv=01;35:*.ogx=01;35:*.aac=00;36:*.au=00;36:*.flac=00;36:*.m4a=00;36:*.mid=00;36:*.midi=00;36:*.mka=00;36:*.mp3=00;36:*.mpc=00;36:*.ogg=00;36:*.ra=00;36:*.wav=00;36:*.oga=00;36:*.opus=00;36:*.spx=00;36:*.xspf=00;36:, GNOME_SETUP_DISPLAY=:1, SSH_AGENT_LAUNCHER=gnome-keyring, SHLVL=1, LC_IDENTIFICATION=ko_KR.UTF-8, LESSCLOSE=/usr/bin/lesspipe %s %s, LC_MONETARY=ko_KR.UTF-8, QT_IM_MODULE=ibus, TERM=xterm-256color, XDG_CONFIG_DIRS=/etc/xdg/xdg-ubuntu:/etc/xdg, GNOME_TERMINAL_SERVICE=:1.103, LANG=en_US.UTF-8, XDG_SESSION_TYPE=wayland, DISPLAY=:0, WAYLAND_DISPLAY=wayland-0, LC_NAME=ko_KR.UTF-8, MAVEN_CMD_LINE_ARGS= package, XDG_SESSION_CLASS=user, _=/usr/bin/mvn, MAVEN_PROJECTBASEDIR=/home/wh/project/OrderBook, DESKTOP_SESSION=ubuntu, USER=wh, XDG_MENU_PREFIX=gnome-, VTE_VERSION=6800, QT_ACCESSIBILITY=1, LC_NUMERIC=ko_KR.UTF-8, SSH_AUTH_SOCK=/run/user/1000/keyring/ssh, GNOME_SHELL_SESSION_MODE=ubuntu, XDG_RUNTIME_DIR=/run/user/1000, HOME=/home/wh}}]
10:23:41.953 [main] DEBUG org.springframework.test.context.support.TestPropertySourceUtils - Adding inlined properties to environment: {spring.jmx.enabled=false, org.springframework.boot.test.context.SpringBootTestContextBootstrapper=true, server.port=-1}
10:23:41.953 [main] DEBUG org.springframework.core.env.StandardEnvironment - Adding PropertySource 'Inlined Test Properties' with highest search precedence

  .   ____          _            __ _ _
 /\\ / ___'_ __ _ _(_)_ __  __ _ \ \ \ \
( ( )\___ | '_ | '_| | '_ \/ _` | \ \ \ \
 \\/  ___)| |_)| | | | | || (_| |  ) ) ) )
  '  |____| .__|_| |_|_| |_\__, | / / / /
 =========|_|==============|___/=/_/_/_/
 :: Spring Boot ::        (v2.0.1.RELEASE)

2023-03-14 10:23:42.217 DEBUG 3766 --- [           main] o.s.w.c.s.StandardServletEnvironment     : Adding PropertySource 'servletConfigInitParams' with lowest search precedence
2023-03-14 10:23:42.218 DEBUG 3766 --- [           main] o.s.w.c.s.StandardServletEnvironment     : Adding PropertySource 'servletContextInitParams' with lowest search precedence
2023-03-14 10:23:42.227 DEBUG 3766 --- [           main] o.s.w.c.s.StandardServletEnvironment     : Adding PropertySource 'systemProperties' with lowest search precedence
2023-03-14 10:23:42.227 DEBUG 3766 --- [           main] o.s.w.c.s.StandardServletEnvironment     : Adding PropertySource 'systemEnvironment' with lowest search precedence
2023-03-14 10:23:42.227 DEBUG 3766 --- [           main] o.s.w.c.s.StandardServletEnvironment     : Initialized StandardServletEnvironment with PropertySources [StubPropertySource {name='servletConfigInitParams'}, StubPropertySource {name='servletContextInitParams'}, MapPropertySource {name='systemProperties'}, SystemEnvironmentPropertySource {name='systemEnvironment'}]
2023-03-14 10:23:42.254  INFO 3766 --- [           main] f.orderbook.OrderbookApplicationTests    : Starting OrderbookApplicationTests on wh-virtual-machine with PID 3766 (started by wh in /home/wh/project/OrderBook)
2023-03-14 10:23:42.255  INFO 3766 --- [           main] f.orderbook.OrderbookApplicationTests    : The following profiles are active: h2
2023-03-14 10:23:42.316  INFO 3766 --- [           main] o.s.w.c.s.GenericWebApplicationContext   : Refreshing org.springframework.web.context.support.GenericWebApplicationContext@3568f9d2: startup date [Tue Mar 14 10:23:42 KST 2023]; root of context hierarchy
2023-03-14 10:23:42.319 DEBUG 3766 --- [           main] o.s.w.c.s.GenericWebApplicationContext   : Bean factory for org.springframework.web.context.support.GenericWebApplicationContext@3568f9d2: org.springframework.beans.factory.support.DefaultListableBeanFactory@3a0d172f: defining beans [org.springframework.boot.test.mock.mockito.MockitoPostProcessor$SpyPostProcessor,org.springframework.boot.test.mock.mockito.MockitoPostProcessor,org.springframework.context.annotation.internalConfigurationAnnotationProcessor,org.springframework.context.annotation.internalAutowiredAnnotationProcessor,org.springframework.context.annotation.internalRequiredAnnotationProcessor,org.springframework.context.annotation.internalCommonAnnotationProcessor,org.springframework.context.annotation.internalPersistenceAnnotationProcessor,org.springframework.context.event.internalEventListenerProcessor,org.springframework.context.event.internalEventListenerFactory,orderbookApplication]; root of factory hierarchy
2023-03-14 10:23:43.298 ERROR 3766 --- [           main] o.s.boot.SpringApplication               : Application run failed

java.lang.IllegalStateException: Cannot load configuration class: fractalfintech.orderbook.OrderbookApplication
	at org.springframework.context.annotation.ConfigurationClassPostProcessor.enhanceConfigurationClasses(ConfigurationClassPostProcessor.java:414) ~[spring-context-5.0.5.RELEASE.jar:5.0.5.RELEASE]
	at org.springframework.context.annotation.ConfigurationClassPostProcessor.postProcessBeanFactory(ConfigurationClassPostProcessor.java:254) ~[spring-context-5.0.5.RELEASE.jar:5.0.5.RELEASE]
	at org.springframework.context.support.PostProcessorRegistrationDelegate.invokeBeanFactoryPostProcessors(PostProcessorRegistrationDelegate.java:284) ~[spring-context-5.0.5.RELEASE.jar:5.0.5.RELEASE]
	at org.springframework.context.support.PostProcessorRegistrationDelegate.invokeBeanFactoryPostProcessors(PostProcessorRegistrationDelegate.java:128) ~[spring-context-5.0.5.RELEASE.jar:5.0.5.RELEASE]
	at org.springframework.context.support.AbstractApplicationContext.invokeBeanFactoryPostProcessors(AbstractApplicationContext.java:694) ~[spring-context-5.0.5.RELEASE.jar:5.0.5.RELEASE]
	at org.springframework.context.support.AbstractApplicationContext.refresh(AbstractApplicationContext.java:532) ~[spring-context-5.0.5.RELEASE.jar:5.0.5.RELEASE]
	at org.springframework.boot.SpringApplication.refresh(SpringApplication.java:759) ~[spring-boot-2.0.1.RELEASE.jar:2.0.1.RELEASE]
	at org.springframework.boot.SpringApplication.refreshContext(SpringApplication.java:395) ~[spring-boot-2.0.1.RELEASE.jar:2.0.1.RELEASE]
	at org.springframework.boot.SpringApplication.run(SpringApplication.java:327) ~[spring-boot-2.0.1.RELEASE.jar:2.0.1.RELEASE]
	at org.springframework.boot.test.context.SpringBootContextLoader.loadContext(SpringBootContextLoader.java:138) ~[spring-boot-test-2.0.1.RELEASE.jar:2.0.1.RELEASE]
	at org.springframework.test.context.cache.DefaultCacheAwareContextLoaderDelegate.loadContextInternal(DefaultCacheAwareContextLoaderDelegate.java:99) ~[spring-test-5.0.5.RELEASE.jar:5.0.5.RELEASE]
	at org.springframework.test.context.cache.DefaultCacheAwareContextLoaderDelegate.loadContext(DefaultCacheAwareContextLoaderDelegate.java:117) ~[spring-test-5.0.5.RELEASE.jar:5.0.5.RELEASE]
	at org.springframework.test.context.support.DefaultTestContext.getApplicationContext(DefaultTestContext.java:108) ~[spring-test-5.0.5.RELEASE.jar:5.0.5.RELEASE]
	at org.springframework.test.context.web.ServletTestExecutionListener.setUpRequestContextIfNecessary(ServletTestExecutionListener.java:190) ~[spring-test-5.0.5.RELEASE.jar:5.0.5.RELEASE]
	at org.springframework.test.context.web.ServletTestExecutionListener.prepareTestInstance(ServletTestExecutionListener.java:132) ~[spring-test-5.0.5.RELEASE.jar:5.0.5.RELEASE]
	at org.springframework.test.context.TestContextManager.prepareTestInstance(TestContextManager.java:246) ~[spring-test-5.0.5.RELEASE.jar:5.0.5.RELEASE]
	at org.springframework.test.context.junit4.SpringJUnit4ClassRunner.createTest(SpringJUnit4ClassRunner.java:227) ~[spring-test-5.0.5.RELEASE.jar:5.0.5.RELEASE]
	at org.springframework.test.context.junit4.SpringJUnit4ClassRunner$1.runReflectiveCall(SpringJUnit4ClassRunner.java:289) ~[spring-test-5.0.5.RELEASE.jar:5.0.5.RELEASE]
	at org.junit.internal.runners.model.ReflectiveCallable.run(ReflectiveCallable.java:12) ~[junit-4.12.jar:4.12]
	at org.springframework.test.context.junit4.SpringJUnit4ClassRunner.methodBlock(SpringJUnit4ClassRunner.java:291) ~[spring-test-5.0.5.RELEASE.jar:5.0.5.RELEASE]
	at org.springframework.test.context.junit4.SpringJUnit4ClassRunner.runChild(SpringJUnit4ClassRunner.java:246) ~[spring-test-5.0.5.RELEASE.jar:5.0.5.RELEASE]
	at org.springframework.test.context.junit4.SpringJUnit4ClassRunner.runChild(SpringJUnit4ClassRunner.java:97) ~[spring-test-5.0.5.RELEASE.jar:5.0.5.RELEASE]
	at org.junit.runners.ParentRunner$3.run(ParentRunner.java:290) ~[junit-4.12.jar:4.12]
	at org.junit.runners.ParentRunner$1.schedule(ParentRunner.java:71) ~[junit-4.12.jar:4.12]
	at org.junit.runners.ParentRunner.runChildren(ParentRunner.java:288) ~[junit-4.12.jar:4.12]
	at org.junit.runners.ParentRunner.access$000(ParentRunner.java:58) ~[junit-4.12.jar:4.12]
	at org.junit.runners.ParentRunner$2.evaluate(ParentRunner.java:268) ~[junit-4.12.jar:4.12]
	at org.springframework.test.context.junit4.statements.RunBeforeTestClassCallbacks.evaluate(RunBeforeTestClassCallbacks.java:61) ~[spring-test-5.0.5.RELEASE.jar:5.0.5.RELEASE]
	at org.springframework.test.context.junit4.statements.RunAfterTestClassCallbacks.evaluate(RunAfterTestClassCallbacks.java:70) ~[spring-test-5.0.5.RELEASE.jar:5.0.5.RELEASE]
	at org.junit.runners.ParentRunner.run(ParentRunner.java:363) ~[junit-4.12.jar:4.12]
	at org.springframework.test.context.junit4.SpringJUnit4ClassRunner.run(SpringJUnit4ClassRunner.java:190) ~[spring-test-5.0.5.RELEASE.jar:5.0.5.RELEASE]
	at org.apache.maven.surefire.junit4.JUnit4Provider.execute(JUnit4Provider.java:365) ~[surefire-junit4-2.21.0.jar:2.21.0]
	at org.apache.maven.surefire.junit4.JUnit4Provider.executeWithRerun(JUnit4Provider.java:273) ~[surefire-junit4-2.21.0.jar:2.21.0]
	at org.apache.maven.surefire.junit4.JUnit4Provider.executeTestSet(JUnit4Provider.java:238) ~[surefire-junit4-2.21.0.jar:2.21.0]
	at org.apache.maven.surefire.junit4.JUnit4Provider.invoke(JUnit4Provider.java:159) ~[surefire-junit4-2.21.0.jar:2.21.0]
	at org.apache.maven.surefire.booter.ForkedBooter.invokeProviderInSameClassLoader(ForkedBooter.java:379) ~[surefire-booter-2.21.0.jar:2.21.0]
	at org.apache.maven.surefire.booter.ForkedBooter.runSuitesInProcess(ForkedBooter.java:340) ~[surefire-booter-2.21.0.jar:2.21.0]
	at org.apache.maven.surefire.booter.ForkedBooter.execute(ForkedBooter.java:125) ~[surefire-booter-2.21.0.jar:2.21.0]
	at org.apache.maven.surefire.booter.ForkedBooter.main(ForkedBooter.java:413) ~[surefire-booter-2.21.0.jar:2.21.0]
Caused by: java.lang.ExceptionInInitializerError: null
	at org.springframework.context.annotation.ConfigurationClassEnhancer.newEnhancer(ConfigurationClassEnhancer.java:122) ~[spring-context-5.0.5.RELEASE.jar:5.0.5.RELEASE]
	at org.springframework.context.annotation.ConfigurationClassEnhancer.enhance(ConfigurationClassEnhancer.java:110) ~[spring-context-5.0.5.RELEASE.jar:5.0.5.RELEASE]
	at org.springframework.context.annotation.ConfigurationClassPostProcessor.enhanceConfigurationClasses(ConfigurationClassPostProcessor.java:403) ~[spring-context-5.0.5.RELEASE.jar:5.0.5.RELEASE]
	... 38 common frames omitted
Caused by: org.springframework.cglib.core.CodeGenerationException: java.lang.reflect.InaccessibleObjectException-->Unable to make protected final java.lang.Class java.lang.ClassLoader.defineClass(java.lang.String,byte[],int,int,java.security.ProtectionDomain) throws java.lang.ClassFormatError accessible: module java.base does not "opens java.lang" to unnamed module @11614aef
	at org.springframework.cglib.core.ReflectUtils.defineClass(ReflectUtils.java:464) ~[spring-core-5.0.5.RELEASE.jar:5.0.5.RELEASE]
	at org.springframework.cglib.core.AbstractClassGenerator.generate(AbstractClassGenerator.java:336) ~[spring-core-5.0.5.RELEASE.jar:5.0.5.RELEASE]
	at org.springframework.cglib.core.AbstractClassGenerator$ClassLoaderData$3.apply(AbstractClassGenerator.java:93) ~[spring-core-5.0.5.RELEASE.jar:5.0.5.RELEASE]
	at org.springframework.cglib.core.AbstractClassGenerator$ClassLoaderData$3.apply(AbstractClassGenerator.java:91) ~[spring-core-5.0.5.RELEASE.jar:5.0.5.RELEASE]
	at org.springframework.cglib.core.internal.LoadingCache$2.call(LoadingCache.java:54) ~[spring-core-5.0.5.RELEASE.jar:5.0.5.RELEASE]
	at java.base/java.util.concurrent.FutureTask.run(FutureTask.java:264) ~[na:na]
	at org.springframework.cglib.core.internal.LoadingCache.createEntry(LoadingCache.java:61) ~[spring-core-5.0.5.RELEASE.jar:5.0.5.RELEASE]
	at org.springframework.cglib.core.internal.LoadingCache.get(LoadingCache.java:34) ~[spring-core-5.0.5.RELEASE.jar:5.0.5.RELEASE]
	at org.springframework.cglib.core.AbstractClassGenerator$ClassLoaderData.get(AbstractClassGenerator.java:116) ~[spring-core-5.0.5.RELEASE.jar:5.0.5.RELEASE]
	at org.springframework.cglib.core.AbstractClassGenerator.create(AbstractClassGenerator.java:291) ~[spring-core-5.0.5.RELEASE.jar:5.0.5.RELEASE]
	at org.springframework.cglib.core.KeyFactory$Generator.create(KeyFactory.java:221) ~[spring-core-5.0.5.RELEASE.jar:5.0.5.RELEASE]
	at org.springframework.cglib.core.KeyFactory.create(KeyFactory.java:174) ~[spring-core-5.0.5.RELEASE.jar:5.0.5.RELEASE]
	at org.springframework.cglib.core.KeyFactory.create(KeyFactory.java:153) ~[spring-core-5.0.5.RELEASE.jar:5.0.5.RELEASE]
	at org.springframework.cglib.proxy.Enhancer.<clinit>(Enhancer.java:73) ~[spring-core-5.0.5.RELEASE.jar:5.0.5.RELEASE]
	... 41 common frames omitted
Caused by: java.lang.reflect.InaccessibleObjectException: Unable to make protected final java.lang.Class java.lang.ClassLoader.defineClass(java.lang.String,byte[],int,int,java.security.ProtectionDomain) throws java.lang.ClassFormatError accessible: module java.base does not "opens java.lang" to unnamed module @11614aef
	at java.base/java.lang.reflect.AccessibleObject.checkCanSetAccessible(AccessibleObject.java:354) ~[na:na]
	at java.base/java.lang.reflect.AccessibleObject.checkCanSetAccessible(AccessibleObject.java:297) ~[na:na]
	at java.base/java.lang.reflect.Method.checkCanSetAccessible(Method.java:199) ~[na:na]
	at java.base/java.lang.reflect.Method.setAccessible(Method.java:193) ~[na:na]
	at org.springframework.cglib.core.ReflectUtils$1.run(ReflectUtils.java:61) ~[spring-core-5.0.5.RELEASE.jar:5.0.5.RELEASE]
	at java.base/java.security.AccessController.doPrivileged(AccessController.java:569) ~[na:na]
	at org.springframework.cglib.core.ReflectUtils.<clinit>(ReflectUtils.java:52) ~[spring-core-5.0.5.RELEASE.jar:5.0.5.RELEASE]
	at org.springframework.cglib.core.KeyFactory$Generator.generateClass(KeyFactory.java:243) ~[spring-core-5.0.5.RELEASE.jar:5.0.5.RELEASE]
	at org.springframework.cglib.core.DefaultGeneratorStrategy.generate(DefaultGeneratorStrategy.java:25) ~[spring-core-5.0.5.RELEASE.jar:5.0.5.RELEASE]
	at org.springframework.cglib.core.AbstractClassGenerator.generate(AbstractClassGenerator.java:329) ~[spring-core-5.0.5.RELEASE.jar:5.0.5.RELEASE]
	... 53 common frames omitted

2023-03-14 10:23:43.309  INFO 3766 --- [           main] o.s.w.c.s.GenericWebApplicationContext   : Closing org.springframework.web.context.support.GenericWebApplicationContext@3568f9d2: startup date [Tue Mar 14 10:23:42 KST 2023]; root of context hierarchy
2023-03-14 10:23:43.313 ERROR 3766 --- [           main] o.s.test.context.TestContextManager      : Caught exception while allowing TestExecutionListener [org.springframework.test.context.web.ServletTestExecutionListener@4a8355dd] to prepare test instance [fractalfintech.orderbook.OrderbookApplicationTests@46d63dbb]

java.lang.IllegalStateException: Failed to load ApplicationContext
	at org.springframework.test.context.cache.DefaultCacheAwareContextLoaderDelegate.loadContext(DefaultCacheAwareContextLoaderDelegate.java:125) ~[spring-test-5.0.5.RELEASE.jar:5.0.5.RELEASE]
	at org.springframework.test.context.support.DefaultTestContext.getApplicationContext(DefaultTestContext.java:108) ~[spring-test-5.0.5.RELEASE.jar:5.0.5.RELEASE]
	at org.springframework.test.context.web.ServletTestExecutionListener.setUpRequestContextIfNecessary(ServletTestExecutionListener.java:190) ~[spring-test-5.0.5.RELEASE.jar:5.0.5.RELEASE]
	at org.springframework.test.context.web.ServletTestExecutionListener.prepareTestInstance(ServletTestExecutionListener.java:132) ~[spring-test-5.0.5.RELEASE.jar:5.0.5.RELEASE]
	at org.springframework.test.context.TestContextManager.prepareTestInstance(TestContextManager.java:246) ~[spring-test-5.0.5.RELEASE.jar:5.0.5.RELEASE]
	at org.springframework.test.context.junit4.SpringJUnit4ClassRunner.createTest(SpringJUnit4ClassRunner.java:227) ~[spring-test-5.0.5.RELEASE.jar:5.0.5.RELEASE]
	at org.springframework.test.context.junit4.SpringJUnit4ClassRunner$1.runReflectiveCall(SpringJUnit4ClassRunner.java:289) ~[spring-test-5.0.5.RELEASE.jar:5.0.5.RELEASE]
	at org.junit.internal.runners.model.ReflectiveCallable.run(ReflectiveCallable.java:12) ~[junit-4.12.jar:4.12]
	at org.springframework.test.context.junit4.SpringJUnit4ClassRunner.methodBlock(SpringJUnit4ClassRunner.java:291) ~[spring-test-5.0.5.RELEASE.jar:5.0.5.RELEASE]
	at org.springframework.test.context.junit4.SpringJUnit4ClassRunner.runChild(SpringJUnit4ClassRunner.java:246) ~[spring-test-5.0.5.RELEASE.jar:5.0.5.RELEASE]
	at org.springframework.test.context.junit4.SpringJUnit4ClassRunner.runChild(SpringJUnit4ClassRunner.java:97) ~[spring-test-5.0.5.RELEASE.jar:5.0.5.RELEASE]
	at org.junit.runners.ParentRunner$3.run(ParentRunner.java:290) ~[junit-4.12.jar:4.12]
	at org.junit.runners.ParentRunner$1.schedule(ParentRunner.java:71) ~[junit-4.12.jar:4.12]
[...]
	at org.springframework.cglib.core.AbstractClassGenerator$ClassLoaderData.get(AbstractClassGenerator.java:116) ~[spring-core-5.0.5.RELEASE.jar:5.0.5.RELEASE]
	at org.springframework.cglib.core.AbstractClassGenerator.create(AbstractClassGenerator.java:291) ~[spring-core-5.0.5.RELEASE.jar:5.0.5.RELEASE]
	at org.springframework.cglib.core.KeyFactory$Generator.create(KeyFactory.java:221) ~[spring-core-5.0.5.RELEASE.jar:5.0.5.RELEASE]
	at org.springframework.cglib.core.KeyFactory.create(KeyFactory.java:174) ~[spring-core-5.0.5.RELEASE.jar:5.0.5.RELEASE]
	at org.springframework.cglib.core.KeyFactory.create(KeyFactory.java:153) ~[spring-core-5.0.5.RELEASE.jar:5.0.5.RELEASE]
	at org.springframework.cglib.proxy.Enhancer.<clinit>(Enhancer.java:73) ~[spring-core-5.0.5.RELEASE.jar:5.0.5.RELEASE]
	... 41 common frames omitted
Caused by: java.lang.reflect.InaccessibleObjectException: Unable to make protected final java.lang.Class java.lang.ClassLoader.defineClass(java.lang.String,byte[],int,int,java.security.ProtectionDomain) throws java.lang.ClassFormatError accessible: module java.base does not "opens java.lang" to unnamed module @11614aef
	at java.base/java.lang.reflect.AccessibleObject.checkCanSetAccessible(AccessibleObject.java:354) ~[na:na]
	at java.base/java.lang.reflect.AccessibleObject.checkCanSetAccessible(AccessibleObject.java:297) ~[na:na]
	at java.base/java.lang.reflect.Method.checkCanSetAccessible(Method.java:199) ~[na:na]
	at java.base/java.lang.reflect.Method.setAccessible(Method.java:193) ~[na:na]
	at org.springframework.cglib.core.ReflectUtils$1.run(ReflectUtils.java:61) ~[spring-core-5.0.5.RELEASE.jar:5.0.5.RELEASE]
	at java.base/java.security.AccessController.doPrivileged(AccessController.java:569) ~[na:na]
	at org.springframework.cglib.core.ReflectUtils.<clinit>(ReflectUtils.java:52) ~[spring-core-5.0.5.RELEASE.jar:5.0.5.RELEASE]
	at org.springframework.cglib.core.KeyFactory$Generator.generateClass(KeyFactory.java:243) ~[spring-core-5.0.5.RELEASE.jar:5.0.5.RELEASE]
	at org.springframework.cglib.core.DefaultGeneratorStrategy.generate(DefaultGeneratorStrategy.java:25) ~[spring-core-5.0.5.RELEASE.jar:5.0.5.RELEASE]
	at org.springframework.cglib.core.AbstractClassGenerator.generate(AbstractClassGenerator.java:329) ~[spring-core-5.0.5.RELEASE.jar:5.0.5.RELEASE]
	... 53 common frames omitted

]]></system-out>
  </testcase>
  <testcase name="contextLoads" classname="fractalfintech.orderbook.OrderbookApplicationTests" time="0">
    <error message="Failed to load ApplicationContext" type="java.lang.IllegalStateException">java.lang.IllegalStateException: Failed to load ApplicationContext
Caused by: java.lang.IllegalStateException: Cannot load configuration class: fractalfintech.orderbook.OrderbookApplication
Caused by: java.lang.NoClassDefFoundError: Could not initialize class org.springframework.cglib.proxy.Enhancer
</error>
    <system-out><![CDATA[
  .   ____          _            __ _ _
 /\\ / ___'_ __ _ _(_)_ __  __ _ \ \ \ \
( ( )\___ | '_ | '_| | '_ \/ _` | \ \ \ \
 \\/  ___)| |_)| | | | | || (_| |  ) ) ) )
  '  |____| .__|_| |_|_| |_\__, | / / / /
 =========|_|==============|___/=/_/_/_/
 :: Spring Boot ::        (v2.0.1.RELEASE)

2023-03-14 10:23:43.365 DEBUG 3766 --- [           main] o.s.w.c.s.StandardServletEnvironment     : Adding PropertySource 'servletConfigInitParams' with lowest search precedence
2023-03-14 10:23:43.365 DEBUG 3766 --- [           main] o.s.w.c.s.StandardServletEnvironment     : Adding PropertySource 'servletContextInitParams' with lowest search precedence
2023-03-14 10:23:43.366 DEBUG 3766 --- [           main] o.s.w.c.s.StandardServletEnvironment     : Adding PropertySource 'systemProperties' with lowest search precedence
2023-03-14 10:23:43.366 DEBUG 3766 --- [           main] o.s.w.c.s.StandardServletEnvironment     : Adding PropertySource 'systemEnvironment' with lowest search precedence
2023-03-14 10:23:43.366 DEBUG 3766 --- [           main] o.s.w.c.s.StandardServletEnvironment     : Initialized StandardServletEnvironment with PropertySources [StubPropertySource {name='servletConfigInitParams'}, StubPropertySource {name='servletContextInitParams'}, MapPropertySource {name='systemProperties'}, SystemEnvironmentPropertySource {name='systemEnvironment'}]
2023-03-14 10:23:43.372  INFO 3766 --- [           main] f.orderbook.OrderbookApplicationTests    : Starting OrderbookApplicationTests on wh-virtual-machine with PID 3766 (started by wh in /home/wh/project/OrderBook)
2023-03-14 10:23:43.372  INFO 3766 --- [           main] f.orderbook.OrderbookApplicationTests    : The following profiles are active: h2
2023-03-14 10:23:43.380  INFO 3766 --- [           main] o.s.w.c.s.GenericWebApplicationContext   : Refreshing org.springframework.web.context.support.GenericWebApplicationContext@1e141e42: startup date [Tue Mar 14 10:23:43 KST 2023]; root of context hierarchy
2023-03-14 10:23:43.381 DEBUG 3766 --- [           main] o.s.w.c.s.GenericWebApplicationContext   : Bean factory for org.springframework.web.context.support.GenericWebApplicationContext@1e141e42: org.springframework.beans.factory.support.DefaultListableBeanFactory@47fbc56: defining beans [org.springframework.boot.test.mock.mockito.MockitoPostProcessor$SpyPostProcessor,org.springframework.boot.test.mock.mockito.MockitoPostProcessor,org.springframework.context.annotation.internalConfigurationAnnotationProcessor,org.springframework.context.annotation.internalAutowiredAnnotationProcessor,org.springframework.context.annotation.internalRequiredAnnotationProcessor,org.springframework.context.annotation.internalCommonAnnotationProcessor,org.springframework.context.annotation.internalPersistenceAnnotationProcessor,org.springframework.context.event.internalEventListenerProcessor,org.springframework.context.event.internalEventListenerFactory,orderbookApplication]; root of factory hierarchy
2023-03-14 10:23:43.586 ERROR 3766 --- [           main] o.s.boot.SpringApplication               : Application run failed

java.lang.IllegalStateException: Cannot load configuration class: fractalfintech.orderbook.OrderbookApplication
	at org.springframework.context.annotation.ConfigurationClassPostProcessor.enhanceConfigurationClasses(ConfigurationClassPostProcessor.java:414) ~[spring-context-5.0.5.RELEASE.jar:5.0.5.RELEASE]
	at org.springframework.context.annotation.ConfigurationClassPostProcessor.postProcessBeanFactory(ConfigurationClassPostProcessor.java:254) ~[spring-context-5.0.5.RELEASE.jar:5.0.5.RELEASE]
	at org.springframework.context.support.PostProcessorRegistrationDelegate.invokeBeanFactoryPostProcessors(PostProcessorRegistrationDelegate.java:284) ~[spring-context-5.0.5.RELEASE.jar:5.0.5.RELEASE]
	at org.springframework.context.support.PostProcessorRegistrationDelegate.invokeBeanFactoryPostProcessors(PostProcessorRegistrationDelegate.java:128) ~[spring-context-5.0.5.RELEASE.jar:5.0.5.RELEASE]
	at org.springframework.context.support.AbstractApplicationContext.invokeBeanFactoryPostProcessors(AbstractApplicationContext.java:694) ~[spring-context-5.0.5.RELEASE.jar:5.0.5.RELEASE]
	at org.springframework.context.support.AbstractApplicationContext.refresh(AbstractApplicationContext.java:532) ~[spring-context-5.0.5.RELEASE.jar:5.0.5.RELEASE]
	at org.springframework.boot.SpringApplication.refresh(SpringApplication.java:759) ~[spring-boot-2.0.1.RELEASE.jar:2.0.1.RELEASE]
	at org.springframework.boot.SpringApplication.refreshContext(SpringApplication.java:395) ~[spring-boot-2.0.1.RELEASE.jar:2.0.1.RELEASE]
	at org.springframework.boot.SpringApplication.run(SpringApplication.java:327) ~[spring-boot-2.0.1.RELEASE.jar:2.0.1.RELEASE]
	at org.springframework.boot.test.context.SpringBootContextLoader.loadContext(SpringBootContextLoader.java:138) ~[spring-boot-test-2.0.1.RELEASE.jar:2.0.1.RELEASE]
	at org.springframework.test.context.cache.DefaultCacheAwareContextLoaderDelegate.loadContextInternal(DefaultCacheAwareContextLoaderDelegate.java:99) ~[spring-test-5.0.5.RELEASE.jar:5.0.5.RELEASE]
	at org.springframework.test.context.cache.DefaultCacheAwareContextLoaderDelegate.loadContext(DefaultCacheAwareContextLoaderDelegate.java:117) ~[spring-test-5.0.5.RELEASE.jar:5.0.5.RELEASE]
	at org.springframework.test.context.support.DefaultTestContext.getApplicationContext(DefaultTestContext.java:108) ~[spring-test-5.0.5.RELEASE.jar:5.0.5.RELEASE]
	at org.springframework.test.context.web.ServletTestExecutionListener.setUpRequestContextIfNecessary(ServletTestExecutionListener.java:190) ~[spring-test-5.0.5.RELEASE.jar:5.0.5.RELEASE]
	at org.springframework.test.context.web.ServletTestExecutionListener.prepareTestInstance(ServletTestExecutionListener.java:132) ~[spring-test-5.0.5.RELEASE.jar:5.0.5.RELEASE]
	at org.springframework.test.context.TestContextManager.prepareTestInstance(TestContextManager.java:246) ~[spring-test-5.0.5.RELEASE.jar:5.0.5.RELEASE]
	at org.springframework.test.context.junit4.SpringJUnit4ClassRunner.createTest(SpringJUnit4ClassRunner.java:227) ~[spring-test-5.0.5.RELEASE.jar:5.0.5.RELEASE]
	at org.springframework.test.context.junit4.SpringJUnit4ClassRunner$1.runReflectiveCall(SpringJUnit4ClassRunner.java:289) ~[spring-test-5.0.5.RELEASE.jar:5.0.5.RELEASE]
	at org.junit.internal.runners.model.ReflectiveCallable.run(ReflectiveCallable.java:12) ~[junit-4.12.jar:4.12]
	at org.springframework.test.context.junit4.SpringJUnit4ClassRunner.methodBlock(SpringJUnit4ClassRunner.java:291) ~[spring-test-5.0.5.RELEASE.jar:5.0.5.RELEASE]
	at org.springframework.test.context.junit4.SpringJUnit4ClassRunner.runChild(SpringJUnit4ClassRunner.java:246) ~[spring-test-5.0.5.RELEASE.jar:5.0.5.RELEASE]
	at org.springframework.test.context.junit4.SpringJUnit4ClassRunner.runChild(SpringJUnit4ClassRunner.java:97) ~[spring-test-5.0.5.RELEASE.jar:5.0.5.RELEASE]
	at org.junit.runners.ParentRunner$3.run(ParentRunner.java:290) ~[junit-4.12.jar:4.12]
	at org.junit.runners.ParentRunner$1.schedule(ParentRunner.java:71) ~[junit-4.12.jar:4.12]
	at org.junit.runners.ParentRunner.runChildren(ParentRunner.java:288) ~[junit-4.12.jar:4.12]
	at org.junit.runners.ParentRunner.access$000(ParentRunner.java:58) ~[junit-4.12.jar:4.12]
	at org.junit.runners.ParentRunner$2.evaluate(ParentRunner.java:268) ~[junit-4.12.jar:4.12]
	at org.springframework.test.context.junit4.statements.RunBeforeTestClassCallbacks.evaluate(RunBeforeTestClassCallbacks.java:61) ~[spring-test-5.0.5.RELEASE.jar:5.0.5.RELEASE]
	at org.springframework.test.context.junit4.statements.RunAfterTestClassCallbacks.evaluate(RunAfterTestClassCallbacks.java:70) ~[spring-test-5.0.5.RELEASE.jar:5.0.5.RELEASE]
	at org.junit.runners.ParentRunner.run(ParentRunner.java:363) ~[junit-4.12.jar:4.12]
	at org.springframework.test.context.junit4.SpringJUnit4ClassRunner.run(SpringJUnit4ClassRunner.java:190) ~[spring-test-5.0.5.RELEASE.jar:5.0.5.RELEASE]
	at org.apache.maven.surefire.junit4.JUnit4Provider.execute(JUnit4Provider.java:365) ~[surefire-junit4-2.21.0.jar:2.21.0]
	at org.apache.maven.surefire.junit4.JUnit4Provider.executeWithRerun(JUnit4Provider.java:273) ~[surefire-junit4-2.21.0.jar:2.21.0]
	at org.apache.maven.surefire.junit4.JUnit4Provider.executeTestSet(JUnit4Provider.java:238) ~[surefire-junit4-2.21.0.jar:2.21.0]
	at org.apache.maven.surefire.junit4.JUnit4Provider.invoke(JUnit4Provider.java:159) ~[surefire-junit4-2.21.0.jar:2.21.0]
	at org.apache.maven.surefire.booter.ForkedBooter.invokeProviderInSameClassLoader(ForkedBooter.java:379) ~[surefire-booter-2.21.0.jar:2.21.0]
	at org.apache.maven.surefire.booter.ForkedBooter.runSuitesInProcess(ForkedBooter.java:340) ~[surefire-booter-2.21.0.jar:2.21.0]
	at org.apache.maven.surefire.booter.ForkedBooter.execute(ForkedBooter.java:125) ~[surefire-booter-2.21.0.jar:2.21.0]
	at org.apache.maven.surefire.booter.ForkedBooter.main(ForkedBooter.java:413) ~[surefire-booter-2.21.0.jar:2.21.0]
Caused by: java.lang.NoClassDefFoundError: Could not initialize class org.springframework.cglib.proxy.Enhancer
	at org.springframework.context.annotation.ConfigurationClassEnhancer.newEnhancer(ConfigurationClassEnhancer.java:122) ~[spring-context-5.0.5.RELEASE.jar:5.0.5.RELEASE]
	at org.springframework.context.annotation.ConfigurationClassEnhancer.enhance(ConfigurationClassEnhancer.java:110) ~[spring-context-5.0.5.RELEASE.jar:5.0.5.RELEASE]
	at org.springframework.context.annotation.ConfigurationClassPostProcessor.enhanceConfigurationClasses(ConfigurationClassPostProcessor.java:403) ~[spring-context-5.0.5.RELEASE.jar:5.0.5.RELEASE]
	... 38 common frames omitted

2023-03-14 10:23:43.587  INFO 3766 --- [           main] o.s.w.c.s.GenericWebApplicationContext   : Closing org.springframework.web.context.support.GenericWebApplicationContext@1e141e42: startup date [Tue Mar 14 10:23:43 KST 2023]; root of context hierarchy
2023-03-14 10:23:43.595 ERROR 3766 --- [           main] o.s.test.context.TestContextManager      : Caught exception while allowing TestExecutionListener [org.springframework.test.context.web.ServletTestExecutionListener@4a8355dd] to prepare test instance [fractalfintech.orderbook.OrderbookApplicationTests@6fa0450e]

java.lang.IllegalStateException: Failed to load ApplicationContext
	at org.springframework.test.context.cache.DefaultCacheAwareContextLoaderDelegate.loadContext(DefaultCacheAwareContextLoaderDelegate.java:125) ~[spring-test-5.0.5.RELEASE.jar:5.0.5.RELEASE]
	at org.springframework.test.context.support.DefaultTestContext.getApplicationContext(DefaultTestContext.java:108) ~[spring-test-5.0.5.RELEASE.jar:5.0.5.RELEASE]
	at org.springframework.test.context.web.ServletTestExecutionListener.setUpRequestContextIfNecessary(ServletTestExecutionListener.java:190) ~[spring-test-5.0.5.RELEASE.jar:5.0.5.RELEASE]
	at org.springframework.test.context.web.ServletTestExecutionListener.prepareTestInstance(ServletTestExecutionListener.java:132) ~[spring-test-5.0.5.RELEASE.jar:5.0.5.RELEASE]
	at org.springframework.test.context.TestContextManager.prepareTestInstance(TestContextManager.java:246) ~[spring-test-5.0.5.RELEASE.jar:5.0.5.RELEASE]
	at org.springframework.test.context.junit4.SpringJUnit4ClassRunner.createTest(SpringJUnit4ClassRunner.java:227) ~[spring-test-5.0.5.RELEASE.jar:5.0.5.RELEASE]
	at org.springframework.test.context.junit4.SpringJUnit4ClassRunner$1.runReflectiveCall(SpringJUnit4ClassRunner.java:289) ~[spring-test-5.0.5.RELEASE.jar:5.0.5.RELEASE]
	at org.junit.internal.runners.model.ReflectiveCallable.run(ReflectiveCallable.java:12) ~[junit-4.12.jar:4.12]
	at org.springframework.test.context.junit4.SpringJUnit4ClassRunner.methodBlock(SpringJUnit4ClassRunner.java:291) ~[spring-test-5.0.5.RELEASE.jar:5.0.5.RELEASE]
	at org.springframework.test.context.junit4.SpringJUnit4ClassRunner.runChild(SpringJUnit4ClassRunner.java:246) ~[spring-test-5.0.5.RELEASE.jar:5.0.5.RELEASE]
	at org.springframework.test.context.junit4.SpringJUnit4ClassRunner.runChild(SpringJUnit4ClassRunner.java:97) ~[spring-test-5.0.5.RELEASE.jar:5.0.5.RELEASE]
	at org.junit.runners.ParentRunner$3.run(ParentRunner.java:290) ~[junit-4.12.jar:4.12]
	at org.junit.runners.ParentRunner$1.schedule(ParentRunner.java:71) ~[junit-4.12.jar:4.12]
	at org.junit.runners.ParentRunner.runChildren(ParentRunner.java:288) ~[junit-4.12.jar:4.12]
	at org.junit.runners.ParentRunner.access$000(ParentRunner.java:58) ~[junit-4.12.jar:4.12]
	at org.junit.runners.ParentRunner$2.evaluate(ParentRunner.java:268) ~[junit-4.12.jar:4.12]
	at org.springframework.test.context.junit4.statements.RunBeforeTestClassCallbacks.evaluate(RunBeforeTestClassCallbacks.java:61) ~[spring-test-5.0.5.RELEASE.jar:5.0.5.RELEASE]
	at org.springframework.test.context.junit4.statements.RunAfterTestClassCallbacks.evaluate(RunAfterTestClassCallbacks.java:70) ~[spring-test-5.0.5.RELEASE.jar:5.0.5.RELEASE]
	at org.junit.runners.ParentRunner.run(ParentRunner.java:363) ~[junit-4.12.jar:4.12]
	at org.springframework.test.context.junit4.SpringJUnit4ClassRunner.run(SpringJUnit4ClassRunner.java:190) ~[spring-test-5.0.5.RELEASE.jar:5.0.5.RELEASE]
	at org.apache.maven.surefire.junit4.JUnit4Provider.execute(JUnit4Provider.java:365) ~[surefire-junit4-2.21.0.jar:2.21.0]
	at org.apache.maven.surefire.junit4.JUnit4Provider.executeWithRerun(JUnit4Provider.java:273) ~[surefire-junit4-2.21.0.jar:2.21.0]
	at org.apache.maven.surefire.junit4.JUnit4Provider.executeTestSet(JUnit4Provider.java:238) ~[surefire-junit4-2.21.0.jar:2.21.0]
	at org.apache.maven.surefire.junit4.JUnit4Provider.invoke(JUnit4Provider.java:159) ~[surefire-junit4-2.21.0.jar:2.21.0]
	at org.apache.maven.surefire.booter.ForkedBooter.invokeProviderInSameClassLoader(ForkedBooter.java:379) ~[surefire-booter-2.21.0.jar:2.21.0]
	at org.apache.maven.surefire.booter.ForkedBooter.runSuitesInProcess(ForkedBooter.java:340) ~[surefire-booter-2.21.0.jar:2.21.0]
	at org.apache.maven.surefire.booter.ForkedBooter.execute(ForkedBooter.java:125) ~[surefire-booter-2.21.0.jar:2.21.0]
	at org.apache.maven.surefire.booter.ForkedBooter.main(ForkedBooter.java:413) ~[surefire-booter-2.21.0.jar:2.21.0]
Caused by: java.lang.IllegalStateException: Cannot load configuration class: fractalfintech.orderbook.OrderbookApplication
	at org.springframework.context.annotation.ConfigurationClassPostProcessor.enhanceConfigurationClasses(ConfigurationClassPostProcessor.java:414) ~[spring-context-5.0.5.RELEASE.jar:5.0.5.RELEASE]
	at org.springframework.context.annotation.ConfigurationClassPostProcessor.postProcessBeanFactory(ConfigurationClassPostProcessor.java:254) ~[spring-context-5.0.5.RELEASE.jar:5.0.5.RELEASE]
	at org.springframework.context.support.PostProcessorRegistrationDelegate.invokeBeanFactoryPostProcessors(PostProcessorRegistrationDelegate.java:284) ~[spring-context-5.0.5.RELEASE.jar:5.0.5.RELEASE]
	at org.springframework.context.support.PostProcessorRegistrationDelegate.invokeBeanFactoryPostProcessors(PostProcessorRegistrationDelegate.java:128) ~[spring-context-5.0.5.RELEASE.jar:5.0.5.RELEASE]
	at org.springframework.context.support.AbstractApplicationContext.invokeBeanFactoryPostProcessors(AbstractApplicationContext.java:694) ~[spring-context-5.0.5.RELEASE.jar:5.0.5.RELEASE]
	at org.springframework.context.support.AbstractApplicationContext.refresh(AbstractApplicationContext.java:532) ~[spring-context-5.0.5.RELEASE.jar:5.0.5.RELEASE]
	at org.springframework.boot.SpringApplication.refresh(SpringApplication.java:759) ~[spring-boot-2.0.1.RELEASE.jar:2.0.1.RELEASE]
	at org.springframework.boot.SpringApplication.refreshContext(SpringApplication.java:395) ~[spring-boot-2.0.1.RELEASE.jar:2.0.1.RELEASE]
	at org.springframework.boot.SpringApplication.run(SpringApplication.java:327) ~[spring-boot-2.0.1.RELEASE.jar:2.0.1.RELEASE]
	at org.springframework.boot.test.context.SpringBootContextLoader.loadContext(SpringBootContextLoader.java:138) ~[spring-boot-test-2.0.1.RELEASE.jar:2.0.1.RELEASE]
	at org.springframework.test.context.cache.DefaultCacheAwareContextLoaderDelegate.loadContextInternal(DefaultCacheAwareContextLoaderDelegate.java:99) ~[spring-test-5.0.5.RELEASE.jar:5.0.5.RELEASE]
	at org.springframework.test.context.cache.DefaultCacheAwareContextLoaderDelegate.loadContext(DefaultCacheAwareContextLoaderDelegate.java:117) ~[spring-test-5.0.5.RELEASE.jar:5.0.5.RELEASE]
	... 27 common frames omitted
Caused by: java.lang.NoClassDefFoundError: Could not initialize class org.springframework.cglib.proxy.Enhancer
	at org.springframework.context.annotation.ConfigurationClassEnhancer.newEnhancer(ConfigurationClassEnhancer.java:122) ~[spring-context-5.0.5.RELEASE.jar:5.0.5.RELEASE]
	at org.springframework.context.annotation.ConfigurationClassEnhancer.enhance(ConfigurationClassEnhancer.java:110) ~[spring-context-5.0.5.RELEASE.jar:5.0.5.RELEASE]
	at org.springframework.context.annotation.ConfigurationClassPostProcessor.enhanceConfigurationClasses(ConfigurationClassPostProcessor.java:403) ~[spring-context-5.0.5.RELEASE.jar:5.0.5.RELEASE]
	... 38 common frames omitted

]]></system-out>
  </testcase>
</testsuite>